PROGRAM CALL: python extract_vdw.py -f vdw -FF_DFT intermediate_params.db /scratch/bell/seo89/parameterization110320_cycle20_config100/Params_for_Batch.db -o cycle-16 -E_max 0.0 -xhi2_thresh 1E-8 -q_a 0.0 -q_b 0.0 -mixing_rule wh -L2_sigma 0.1 -L2_eps 1.0 -fun wB97X-D3

************************************************************************************************************************************************
*                                     Parsing QC Interaction Energies, Charges, and Configurations in vdw                                      *
************************************************************************************************************************************************
 
AA-charges were read for the a-molecule(s) from file(s): /scratch/bell/seo89/parameterization110320_cycle20_config100/OKKJLVBELUTLKV-UHFFFAOYSA-N/vdw/intermediate_params.db, /scratch/bell/seo89/parameterization110320_cycle20_config100/Params_for_Batch.db
AA-charges were read for the b-molecule(s) from file(s): /scratch/bell/seo89/parameterization110320_cycle20_config100/OKKJLVBELUTLKV-UHFFFAOYSA-N/vdw/intermediate_params.db, /scratch/bell/seo89/parameterization110320_cycle20_config100/Params_for_Batch.db
UA-charges were read for the a-molecule(s) from file(s): /scratch/bell/seo89/parameterization110320_cycle20_config100/OKKJLVBELUTLKV-UHFFFAOYSA-N/vdw/intermediate_params.db, /scratch/bell/seo89/parameterization110320_cycle20_config100/Params_for_Batch.db
UA-charges were read for the b-molecule(s) from file(s): /scratch/bell/seo89/parameterization110320_cycle20_config100/OKKJLVBELUTLKV-UHFFFAOYSA-N/vdw/intermediate_params.db, /scratch/bell/seo89/parameterization110320_cycle20_config100/Params_for_Batch.db

************************************************************************************************************************************************
*                                  Parsing DFT-Interaction Energy Calculations for Configurations within vdw                                   *
************************************************************************************************************************************************

Number of Configurations Discovered:                                   3783
Number of Configurations Satisfying E_min/E_max criteria:              3307
Number of Configurations Used for Fit:                                 3307
Number of unique molecules in the fit configurations:                  1

Unique AA pairs being fit (occurences,min_sep,min_sigma):

	pair ('[6[8[1]][1][1][1]]', '[6[8[1]][1][1][1]]')                                    : 3307        3.2704     2.9136    
	pair ('[8[6[1][1][1]][1]]', '[6[8[1]][1][1][1]]')                                    : 6614        2.8598     2.5478    
	pair ('[6[8[1]][1][1][1]]', '[1[8[6]]]')                                             : 6614        2.1993     1.9593    
	pair ('[6[8[1]][1][1][1]]', '[1[6[8][1][1]]]')                                       : 19842       2.5703     2.2898    
	pair ('[8[6[1][1][1]][1]]', '[8[6[1][1][1]][1]]')                                    : 3307        2.5345     2.2580    
	pair ('[8[6[1][1][1]][1]]', '[1[8[6]]]')                                             : 6614        1.7011     1.5155    
	pair ('[8[6[1][1][1]][1]]', '[1[6[8][1][1]]]')                                       : 19842       2.2340     1.9903    
	pair ('[1[8[6]]]', '[1[8[6]]]')                                                      : 3307        1.7584     1.5665    
	pair ('[1[8[6]]]', '[1[6[8][1][1]]]')                                                : 19842       1.7550     1.5635    
	pair ('[1[6[8][1][1]]]', '[1[6[8][1][1]]]')                                          : 29763       1.9533     1.7402    

Unique UA pairs being fit (occurences):

	pair ('[6[8[1]][1][1][1]]', '[6[8[1]][1][1][1]]')                                    : 3307      
	pair ('[8[6[1][1][1]][1]]', '[6[8[1]][1][1][1]]')                                    : 6614      
	pair ('[6[8[1]][1][1][1]]', '[1[8[6]]]')                                             : 6614      
	pair ('[8[6[1][1][1]][1]]', '[8[6[1][1][1]][1]]')                                    : 3307      
	pair ('[8[6[1][1][1]][1]]', '[1[8[6]]]')                                             : 6614      
	pair ('[1[8[6]]]', '[1[8[6]]]')                                                      : 3307      

	Generating separation histograms...

************************************************************************************************************************************************
*                            Fit DFT All-Atom VDW Parameters (Self-Consistent Pair-Type Fits to All Configurations)                            *
************************************************************************************************************************************************

Reading VDW parameters or initializing based on UFF values and Waldman-Hagler mixing rules

	pair_interaction                                                                       params                 origin              
	pair ('[6[8[1]][1][1][1]]', '[6[8[1]][1][1][1]]')                                    : 0.2035    , 3.4400     initial_params.db   
	pair ('[8[6[1][1][1]][1]]', '[6[8[1]][1][1][1]]')                                    : 0.0762    , 3.2929     UFF                 
	pair ('[6[8[1]][1][1][1]]', '[1[8[6]]]')                                             : 0.0486    , 3.1408     UFF                 
	pair ('[6[8[1]][1][1][1]]', '[1[6[8][1][1]]]')                                       : 0.0486    , 3.1408     UFF                 
	pair ('[8[6[1][1][1]][1]]', '[8[6[1][1][1]][1]]')                                    : 0.2027    , 2.9034     initial_params.db   
	pair ('[8[6[1][1][1]][1]]', '[1[8[6]]]')                                             : 0.0438    , 2.9074     UFF                 
	pair ('[8[6[1][1][1]][1]]', '[1[6[8][1][1]]]')                                       : 0.0438    , 2.9074     UFF                 
	pair ('[1[8[6]]]', '[1[8[6]]]')                                                      : 0.0010    , 1.7840     initial_params.db   
	pair ('[1[8[6]]]', '[1[6[8][1][1]]]')                                                : 0.0440    , 2.5711     UFF                 
	pair ('[1[6[8][1][1]]]', '[1[6[8][1][1]]]')                                          : 0.0084    , 2.4700     initial_params.db   

Initializing L-BFGS-B fit of pair-wise interactions:

	delta_xhi2_thresh:             1e-08
	mixing rule:                   wh
	Fit rank:                      8
	Fit parameters:                8
	L2 sigma weight:               0.1
	L2 epsilon weight:             1.0
	Fit Tolerance (kcal/mol):      1e-08       

Number of outliers removed: 0

Summary of fitting:

	Fit termination condition:     Converged   
	Initial xhi^2 (kcal/mol):      0.225625    
	Final xhi^2 (kcal/mol):        0.225541    
	Time for completion (s):       2.223460    

Parameter update summary:

	pair ('[6[8[1]][1][1][1]]', '[6[8[1]][1][1][1]]')                                    : 0.2035         , 3.4400          ->     0.2041         , 3.4395         
	pair ('[8[6[1][1][1]][1]]', '[8[6[1][1][1]][1]]')                                    : 0.2027         , 2.9034          ->     0.2018         , 2.9012         
	pair ('[1[8[6]]]', '[1[8[6]]]')                                                      : 0.0010         , 1.7840          ->     0.0010         , 1.7833         
	pair ('[1[6[8][1][1]]]', '[1[6[8][1][1]]]')                                          : 0.0084         , 2.4700          ->     0.0082         , 2.4699         
	pair ('[8[6[1][1][1]][1]]', '[6[8[1]][1][1][1]]')                                    : 0.0762         , 3.2929          ->     0.1791         , 3.2255         
	pair ('[6[8[1]][1][1][1]]', '[1[8[6]]]')                                             : 0.0486         , 3.1408          ->     0.0039         , 3.0741         
	pair ('[6[8[1]][1][1][1]]', '[1[6[8][1][1]]]')                                       : 0.0486         , 3.1408          ->     0.0266         , 3.1306         
	pair ('[8[6[1][1][1]][1]]', '[1[8[6]]]')                                             : 0.0438         , 2.9074          ->     0.0063         , 2.6074         
	pair ('[8[6[1][1][1]][1]]', '[1[6[8][1][1]]]')                                       : 0.0438         , 2.9074          ->     0.0364         , 2.7274         
	pair ('[1[8[6]]]', '[1[6[8][1][1]]]')                                                : 0.0440         , 2.5711          ->     0.0019         , 2.2495         
 
************************************************************************************************************************************************
*                       Fit DFT United-Atom VDW Parameters (Conversion from AA-parameters based on configurational fit)                        *
************************************************************************************************************************************************

Calculating all-atom interaction potentials, averaged over all configurations...
Calculating united-atom interaction potentials based on fits to all-atom potentials:

	pair ('[6[8[1]][1][1][1]]', '[6[8[1]][1][1][1]]')                                    : 0.2041    , 3.4395     ->     0.2597    , 3.6239    
Increasing repulsive sampling...
	pair ('[6[8[1]][1][1][1]]', '[8[6[1][1][1]][1]]')                                    : 0.1791    , 3.2255     ->     0.2253    , 3.3026    
Increasing repulsive sampling...
	pair ('[6[8[1]][1][1][1]]', '[1[8[6]]]')                                             : 0.0039    , 3.0741     ->     0.0057    , 3.0621    
	pair ('[8[6[1][1][1]][1]]', '[8[6[1][1][1]][1]]')                                    : 0.2018    , 2.9012     ->     0.2018    , 2.9012    
	pair ('[8[6[1][1][1]][1]]', '[1[8[6]]]')                                             : 0.0063    , 2.6074     ->     0.0063    , 2.6074    
	pair ('[1[8[6]]]', '[1[8[6]]]')                                                      : 0.0010    , 1.7833     ->     0.0010    , 1.7833    

	xhi2:        0.2682057952128651 (kcal/mol)^2

************************************************************************************************************************************************
*                                                        VDW Parameter Parse Complete!                                                         *
************************************************************************************************************************************************
