PROGRAM CALL: python extract_vdw.py -f vdw -FF_DFT intermediate_params.db /scratch/bell/seo89/parameterization110320_cycle20_config100/Params_for_Batch.db -o cycle-12 -E_max 0.0 -xhi2_thresh 1E-8 -q_a 0.0 -q_b 0.0 -mixing_rule wh -L2_sigma 0.1 -L2_eps 1.0 -fun wB97X-D3

************************************************************************************************************************************************
*                                     Parsing QC Interaction Energies, Charges, and Configurations in vdw                                      *
************************************************************************************************************************************************
 
AA-charges were read for the a-molecule(s) from file(s): /scratch/bell/seo89/parameterization110320_cycle20_config100/OKKJLVBELUTLKV-UHFFFAOYSA-N/vdw/intermediate_params.db, /scratch/bell/seo89/parameterization110320_cycle20_config100/Params_for_Batch.db
AA-charges were read for the b-molecule(s) from file(s): /scratch/bell/seo89/parameterization110320_cycle20_config100/OKKJLVBELUTLKV-UHFFFAOYSA-N/vdw/intermediate_params.db, /scratch/bell/seo89/parameterization110320_cycle20_config100/Params_for_Batch.db
UA-charges were read for the a-molecule(s) from file(s): /scratch/bell/seo89/parameterization110320_cycle20_config100/OKKJLVBELUTLKV-UHFFFAOYSA-N/vdw/intermediate_params.db, /scratch/bell/seo89/parameterization110320_cycle20_config100/Params_for_Batch.db
UA-charges were read for the b-molecule(s) from file(s): /scratch/bell/seo89/parameterization110320_cycle20_config100/OKKJLVBELUTLKV-UHFFFAOYSA-N/vdw/intermediate_params.db, /scratch/bell/seo89/parameterization110320_cycle20_config100/Params_for_Batch.db

************************************************************************************************************************************************
*                                  Parsing DFT-Interaction Energy Calculations for Configurations within vdw                                   *
************************************************************************************************************************************************

Number of Configurations Discovered:                                   2921
Number of Configurations Satisfying E_min/E_max criteria:              2521
Number of Configurations Used for Fit:                                 2521
Number of unique molecules in the fit configurations:                  1

Unique AA pairs being fit (occurences,min_sep,min_sigma):

	pair ('[6[8[1]][1][1][1]]', '[6[8[1]][1][1][1]]')                                    : 2521        3.2704     2.9136    
	pair ('[8[6[1][1][1]][1]]', '[6[8[1]][1][1][1]]')                                    : 5042        2.8598     2.5478    
	pair ('[6[8[1]][1][1][1]]', '[1[8[6]]]')                                             : 5042        2.1993     1.9593    
	pair ('[6[8[1]][1][1][1]]', '[1[6[8][1][1]]]')                                       : 15126       2.5703     2.2898    
	pair ('[8[6[1][1][1]][1]]', '[8[6[1][1][1]][1]]')                                    : 2521        2.5345     2.2580    
	pair ('[8[6[1][1][1]][1]]', '[1[8[6]]]')                                             : 5042        1.7011     1.5155    
	pair ('[8[6[1][1][1]][1]]', '[1[6[8][1][1]]]')                                       : 15126       2.2353     1.9914    
	pair ('[1[8[6]]]', '[1[8[6]]]')                                                      : 2521        1.7584     1.5665    
	pair ('[1[8[6]]]', '[1[6[8][1][1]]]')                                                : 15126       1.7550     1.5635    
	pair ('[1[6[8][1][1]]]', '[1[6[8][1][1]]]')                                          : 22689       2.0027     1.7842    

Unique UA pairs being fit (occurences):

	pair ('[6[8[1]][1][1][1]]', '[6[8[1]][1][1][1]]')                                    : 2521      
	pair ('[8[6[1][1][1]][1]]', '[6[8[1]][1][1][1]]')                                    : 5042      
	pair ('[6[8[1]][1][1][1]]', '[1[8[6]]]')                                             : 5042      
	pair ('[8[6[1][1][1]][1]]', '[8[6[1][1][1]][1]]')                                    : 2521      
	pair ('[8[6[1][1][1]][1]]', '[1[8[6]]]')                                             : 5042      
	pair ('[1[8[6]]]', '[1[8[6]]]')                                                      : 2521      

	Generating separation histograms...

************************************************************************************************************************************************
*                            Fit DFT All-Atom VDW Parameters (Self-Consistent Pair-Type Fits to All Configurations)                            *
************************************************************************************************************************************************

Reading VDW parameters or initializing based on UFF values and Waldman-Hagler mixing rules

	pair_interaction                                                                       params                 origin              
	pair ('[6[8[1]][1][1][1]]', '[6[8[1]][1][1][1]]')                                    : 0.2030    , 3.4396     initial_params.db   
	pair ('[8[6[1][1][1]][1]]', '[6[8[1]][1][1][1]]')                                    : 0.0762    , 3.2929     UFF                 
	pair ('[6[8[1]][1][1][1]]', '[1[8[6]]]')                                             : 0.0486    , 3.1408     UFF                 
	pair ('[6[8[1]][1][1][1]]', '[1[6[8][1][1]]]')                                       : 0.0486    , 3.1408     UFF                 
	pair ('[8[6[1][1][1]][1]]', '[8[6[1][1][1]][1]]')                                    : 0.2083    , 2.9058     initial_params.db   
	pair ('[8[6[1][1][1]][1]]', '[1[8[6]]]')                                             : 0.0438    , 2.9074     UFF                 
	pair ('[8[6[1][1][1]][1]]', '[1[6[8][1][1]]]')                                       : 0.0438    , 2.9074     UFF                 
	pair ('[1[8[6]]]', '[1[8[6]]]')                                                      : 0.0010    , 1.7768     initial_params.db   
	pair ('[1[8[6]]]', '[1[6[8][1][1]]]')                                                : 0.0440    , 2.5711     UFF                 
	pair ('[1[6[8][1][1]]]', '[1[6[8][1][1]]]')                                          : 0.0092    , 2.4696     initial_params.db   

Initializing L-BFGS-B fit of pair-wise interactions:

	delta_xhi2_thresh:             1e-08
	mixing rule:                   wh
	Fit rank:                      8
	Fit parameters:                8
	L2 sigma weight:               0.1
	L2 epsilon weight:             1.0
	Fit Tolerance (kcal/mol):      1e-08       

Number of outliers removed: 0

Summary of fitting:

	Fit termination condition:     Converged   
	Initial xhi^2 (kcal/mol):      0.219268    
	Final xhi^2 (kcal/mol):        0.219342    
	Time for completion (s):       6.370110    

Parameter update summary:

	pair ('[6[8[1]][1][1][1]]', '[6[8[1]][1][1][1]]')                                    : 0.2030         , 3.4396          ->     0.2048         , 3.4514         
	pair ('[8[6[1][1][1]][1]]', '[8[6[1][1][1]][1]]')                                    : 0.2083         , 2.9058          ->     0.2053         , 2.9045         
	pair ('[1[8[6]]]', '[1[8[6]]]')                                                      : 0.0010         , 1.7768          ->     0.0010         , 1.7784         
	pair ('[1[6[8][1][1]]]', '[1[6[8][1][1]]]')                                          : 0.0092         , 2.4696          ->     0.0089         , 2.4723         
	pair ('[8[6[1][1][1]][1]]', '[6[8[1]][1][1][1]]')                                    : 0.0762         , 3.2929          ->     0.1803         , 3.2346         
	pair ('[6[8[1]][1][1][1]]', '[1[8[6]]]')                                             : 0.0486         , 3.1408          ->     0.0038         , 3.0843         
	pair ('[6[8[1]][1][1][1]]', '[1[6[8][1][1]]]')                                       : 0.0486         , 3.1408          ->     0.0276         , 3.1405         
	pair ('[8[6[1][1][1]][1]]', '[1[8[6]]]')                                             : 0.0438         , 2.9074          ->     0.0062         , 2.6099         
	pair ('[8[6[1][1][1]][1]]', '[1[6[8][1][1]]]')                                       : 0.0438         , 2.9074          ->     0.0382         , 2.7304         
	pair ('[1[8[6]]]', '[1[6[8][1][1]]]')                                                : 0.0440         , 2.5711          ->     0.0020         , 2.2507         
 
************************************************************************************************************************************************
*                       Fit DFT United-Atom VDW Parameters (Conversion from AA-parameters based on configurational fit)                        *
************************************************************************************************************************************************

Calculating all-atom interaction potentials, averaged over all configurations...
Calculating united-atom interaction potentials based on fits to all-atom potentials:

	pair ('[6[8[1]][1][1][1]]', '[6[8[1]][1][1][1]]')                                    : 0.2048    , 3.4514     ->     0.2646    , 3.6391    
Increasing repulsive sampling...
	pair ('[6[8[1]][1][1][1]]', '[8[6[1][1][1]][1]]')                                    : 0.1803    , 3.2346     ->     0.2301    , 3.3130    
Increasing repulsive sampling...
	pair ('[6[8[1]][1][1][1]]', '[1[8[6]]]')                                             : 0.0038    , 3.0843     ->     0.0056    , 3.0677    
	pair ('[8[6[1][1][1]][1]]', '[8[6[1][1][1]][1]]')                                    : 0.2053    , 2.9045     ->     0.2053    , 2.9045    
	pair ('[8[6[1][1][1]][1]]', '[1[8[6]]]')                                             : 0.0062    , 2.6099     ->     0.0062    , 2.6099    
	pair ('[1[8[6]]]', '[1[8[6]]]')                                                      : 0.0010    , 1.7784     ->     0.0010    , 1.7784    

	xhi2:        0.2689145764161549 (kcal/mol)^2

************************************************************************************************************************************************
*                                                        VDW Parameter Parse Complete!                                                         *
************************************************************************************************************************************************
