PROGRAM CALL: python gen_md_for_sampling.py OKKJLVBELUTLKV-UHFFFAOYSA-N.xyz -N 167 -T 298 -T_A 400 -t 1E5 -t_A 1E5 -charge_scale 1.0 -o charges -q 0 -gens 2 --molecule -FF /scratch/brown/seo89/linear_molecules/nitrogen_new/Params_for_Batch.db /scratch/brown/seo89/linear_molecules/nitrogen_new/gen-1_initial_params/params-DFT.db

Determining atom types based on a OKKJLVBELUTLKV-UHFFFAOYSA-N.xyz-bond deep search...

***********************************************************************************************************************************************************************
*                                            Parsing Modes and FF Information for Molecule OKKJLVBELUTLKV-UHFFFAOYSA-N.xyz                                            *
***********************************************************************************************************************************************************************

Parsing bonds...
Parsing angles...
Parsing dihedrals...

***********************************************************************************************************************************************************************
*                                                      Mode Summary for Molecule OKKJLVBELUTLKV-UHFFFAOYSA-N.xyz                                                      *
***********************************************************************************************************************************************************************


Atom_types (4):

	[1[6[8][1][1]]]
	[1[8[6]]]
	[6[8[1]][1][1][1]]
	[8[6[1][1][1]][1]]

Bond types (3):

	('[1[6[8][1][1]]]', '[6[8[1]][1][1][1]]')
	('[1[8[6]]]', '[8[6[1][1][1]][1]]')
	('[6[8[1]][1][1][1]]', '[8[6[1][1][1]][1]]')

Angle types (3):

	('[1[6[8][1][1]]]', '[6[8[1]][1][1][1]]', '[1[6[8][1][1]]]')
	('[1[6[8][1][1]]]', '[6[8[1]][1][1][1]]', '[8[6[1][1][1]][1]]')
	('[1[8[6]]]', '[8[6[1][1][1]][1]]', '[6[8[1]][1][1][1]]')

Dihedral types (1):

	('[1[6[8][1][1]]]', '[6[8[1]][1][1][1]]', '[8[6[1][1][1]][1]]', '[1[8[6]]]', 'opls')

Residual Charge:                         -2.7755575615628914e-17
Charge added to each atom:               4.625929269271485e-18
Final Total Charge:                      -1.3877787807814457e-17

***********************************************************************************************************************************************************************
*                                                                       System Characteristics                                                                        *
*---------------------------------------------------------------------------------------------------------------------------------------------------------------------*
* Type                                                                                    Element                  Mass                     Charge                    *
***********************************************************************************************************************************************************************
 [6[8[1]][1][1][1]]                                                                       C                        12.011000                0.089063               
 [8[6[1][1][1]][1]]                                                                       O                        15.999400               -0.604789               
 [1[8[6]]]                                                                                H                        1.007940                 0.406250               
 [1[6[8][1][1]]]                                                                          H                        1.007940                 0.036492               
 [1[6[8][1][1]]]                                                                          H                        1.007940                 0.036492               
 [1[6[8][1][1]]]                                                                          H                        1.007940                 0.036492               

Packing simulation cell...
placing atoms 0:6 with molecule OKKJLVBELUTLKV-UHFFFAOYSA-N.xyz
placing atoms 6:12 with molecule OKKJLVBELUTLKV-UHFFFAOYSA-N.xyz
placing atoms 12:18 with molecule OKKJLVBELUTLKV-UHFFFAOYSA-N.xyz
placing atoms 18:24 with molecule OKKJLVBELUTLKV-UHFFFAOYSA-N.xyz
placing atoms 24:30 with molecule OKKJLVBELUTLKV-UHFFFAOYSA-N.xyz
placing atoms 30:36 with molecule OKKJLVBELUTLKV-UHFFFAOYSA-N.xyz
placing atoms 36:42 with molecule OKKJLVBELUTLKV-UHFFFAOYSA-N.xyz
placing atoms 42:48 with molecule OKKJLVBELUTLKV-UHFFFAOYSA-N.xyz
placing atoms 48:54 with molecule OKKJLVBELUTLKV-UHFFFAOYSA-N.xyz
placing atoms 54:60 with molecule OKKJLVBELUTLKV-UHFFFAOYSA-N.xyz
placing atoms 60:66 with molecule OKKJLVBELUTLKV-UHFFFAOYSA-N.xyz
placing atoms 66:72 with molecule OKKJLVBELUTLKV-UHFFFAOYSA-N.xyz
placing atoms 72:78 with molecule OKKJLVBELUTLKV-UHFFFAOYSA-N.xyz
placing atoms 78:84 with molecule OKKJLVBELUTLKV-UHFFFAOYSA-N.xyz
placing atoms 84:90 with molecule OKKJLVBELUTLKV-UHFFFAOYSA-N.xyz
placing atoms 90:96 with molecule OKKJLVBELUTLKV-UHFFFAOYSA-N.xyz
placing atoms 96:102 with molecule OKKJLVBELUTLKV-UHFFFAOYSA-N.xyz
placing atoms 102:108 with molecule OKKJLVBELUTLKV-UHFFFAOYSA-N.xyz
placing atoms 108:114 with molecule OKKJLVBELUTLKV-UHFFFAOYSA-N.xyz
placing atoms 114:120 with molecule OKKJLVBELUTLKV-UHFFFAOYSA-N.xyz
placing atoms 120:126 with molecule OKKJLVBELUTLKV-UHFFFAOYSA-N.xyz
placing atoms 126:132 with molecule OKKJLVBELUTLKV-UHFFFAOYSA-N.xyz
placing atoms 132:138 with molecule OKKJLVBELUTLKV-UHFFFAOYSA-N.xyz
placing atoms 138:144 with molecule OKKJLVBELUTLKV-UHFFFAOYSA-N.xyz
placing atoms 144:150 with molecule OKKJLVBELUTLKV-UHFFFAOYSA-N.xyz
placing atoms 150:156 with molecule OKKJLVBELUTLKV-UHFFFAOYSA-N.xyz
placing atoms 156:162 with molecule OKKJLVBELUTLKV-UHFFFAOYSA-N.xyz
placing atoms 162:168 with molecule OKKJLVBELUTLKV-UHFFFAOYSA-N.xyz
placing atoms 168:174 with molecule OKKJLVBELUTLKV-UHFFFAOYSA-N.xyz
placing atoms 174:180 with molecule OKKJLVBELUTLKV-UHFFFAOYSA-N.xyz
placing atoms 180:186 with molecule OKKJLVBELUTLKV-UHFFFAOYSA-N.xyz
placing atoms 186:192 with molecule OKKJLVBELUTLKV-UHFFFAOYSA-N.xyz
placing atoms 192:198 with molecule OKKJLVBELUTLKV-UHFFFAOYSA-N.xyz
placing atoms 198:204 with molecule OKKJLVBELUTLKV-UHFFFAOYSA-N.xyz
placing atoms 204:210 with molecule OKKJLVBELUTLKV-UHFFFAOYSA-N.xyz
placing atoms 210:216 with molecule OKKJLVBELUTLKV-UHFFFAOYSA-N.xyz
placing atoms 216:222 with molecule OKKJLVBELUTLKV-UHFFFAOYSA-N.xyz
placing atoms 222:228 with molecule OKKJLVBELUTLKV-UHFFFAOYSA-N.xyz
placing atoms 228:234 with molecule OKKJLVBELUTLKV-UHFFFAOYSA-N.xyz
placing atoms 234:240 with molecule OKKJLVBELUTLKV-UHFFFAOYSA-N.xyz
placing atoms 240:246 with molecule OKKJLVBELUTLKV-UHFFFAOYSA-N.xyz
placing atoms 246:252 with molecule OKKJLVBELUTLKV-UHFFFAOYSA-N.xyz
placing atoms 252:258 with molecule OKKJLVBELUTLKV-UHFFFAOYSA-N.xyz
placing atoms 258:264 with molecule OKKJLVBELUTLKV-UHFFFAOYSA-N.xyz
placing atoms 264:270 with molecule OKKJLVBELUTLKV-UHFFFAOYSA-N.xyz
placing atoms 270:276 with molecule OKKJLVBELUTLKV-UHFFFAOYSA-N.xyz
placing atoms 276:282 with molecule OKKJLVBELUTLKV-UHFFFAOYSA-N.xyz
placing atoms 282:288 with molecule OKKJLVBELUTLKV-UHFFFAOYSA-N.xyz
placing atoms 288:294 with molecule OKKJLVBELUTLKV-UHFFFAOYSA-N.xyz
placing atoms 294:300 with molecule OKKJLVBELUTLKV-UHFFFAOYSA-N.xyz
placing atoms 300:306 with molecule OKKJLVBELUTLKV-UHFFFAOYSA-N.xyz
placing atoms 306:312 with molecule OKKJLVBELUTLKV-UHFFFAOYSA-N.xyz
placing atoms 312:318 with molecule OKKJLVBELUTLKV-UHFFFAOYSA-N.xyz
placing atoms 318:324 with molecule OKKJLVBELUTLKV-UHFFFAOYSA-N.xyz
placing atoms 324:330 with molecule OKKJLVBELUTLKV-UHFFFAOYSA-N.xyz
placing atoms 330:336 with molecule OKKJLVBELUTLKV-UHFFFAOYSA-N.xyz
placing atoms 336:342 with molecule OKKJLVBELUTLKV-UHFFFAOYSA-N.xyz
placing atoms 342:348 with molecule OKKJLVBELUTLKV-UHFFFAOYSA-N.xyz
placing atoms 348:354 with molecule OKKJLVBELUTLKV-UHFFFAOYSA-N.xyz
placing atoms 354:360 with molecule OKKJLVBELUTLKV-UHFFFAOYSA-N.xyz
placing atoms 360:366 with molecule OKKJLVBELUTLKV-UHFFFAOYSA-N.xyz
placing atoms 366:372 with molecule OKKJLVBELUTLKV-UHFFFAOYSA-N.xyz
placing atoms 372:378 with molecule OKKJLVBELUTLKV-UHFFFAOYSA-N.xyz
placing atoms 378:384 with molecule OKKJLVBELUTLKV-UHFFFAOYSA-N.xyz
placing atoms 384:390 with molecule OKKJLVBELUTLKV-UHFFFAOYSA-N.xyz
placing atoms 390:396 with molecule OKKJLVBELUTLKV-UHFFFAOYSA-N.xyz
placing atoms 396:402 with molecule OKKJLVBELUTLKV-UHFFFAOYSA-N.xyz
placing atoms 402:408 with molecule OKKJLVBELUTLKV-UHFFFAOYSA-N.xyz
placing atoms 408:414 with molecule OKKJLVBELUTLKV-UHFFFAOYSA-N.xyz
placing atoms 414:420 with molecule OKKJLVBELUTLKV-UHFFFAOYSA-N.xyz
placing atoms 420:426 with molecule OKKJLVBELUTLKV-UHFFFAOYSA-N.xyz
placing atoms 426:432 with molecule OKKJLVBELUTLKV-UHFFFAOYSA-N.xyz
placing atoms 432:438 with molecule OKKJLVBELUTLKV-UHFFFAOYSA-N.xyz
placing atoms 438:444 with molecule OKKJLVBELUTLKV-UHFFFAOYSA-N.xyz
placing atoms 444:450 with molecule OKKJLVBELUTLKV-UHFFFAOYSA-N.xyz
placing atoms 450:456 with molecule OKKJLVBELUTLKV-UHFFFAOYSA-N.xyz
placing atoms 456:462 with molecule OKKJLVBELUTLKV-UHFFFAOYSA-N.xyz
placing atoms 462:468 with molecule OKKJLVBELUTLKV-UHFFFAOYSA-N.xyz
placing atoms 468:474 with molecule OKKJLVBELUTLKV-UHFFFAOYSA-N.xyz
placing atoms 474:480 with molecule OKKJLVBELUTLKV-UHFFFAOYSA-N.xyz
placing atoms 480:486 with molecule OKKJLVBELUTLKV-UHFFFAOYSA-N.xyz
placing atoms 486:492 with molecule OKKJLVBELUTLKV-UHFFFAOYSA-N.xyz
placing atoms 492:498 with molecule OKKJLVBELUTLKV-UHFFFAOYSA-N.xyz
placing atoms 498:504 with molecule OKKJLVBELUTLKV-UHFFFAOYSA-N.xyz
placing atoms 504:510 with molecule OKKJLVBELUTLKV-UHFFFAOYSA-N.xyz
placing atoms 510:516 with molecule OKKJLVBELUTLKV-UHFFFAOYSA-N.xyz
placing atoms 516:522 with molecule OKKJLVBELUTLKV-UHFFFAOYSA-N.xyz
placing atoms 522:528 with molecule OKKJLVBELUTLKV-UHFFFAOYSA-N.xyz
placing atoms 528:534 with molecule OKKJLVBELUTLKV-UHFFFAOYSA-N.xyz
placing atoms 534:540 with molecule OKKJLVBELUTLKV-UHFFFAOYSA-N.xyz
placing atoms 540:546 with molecule OKKJLVBELUTLKV-UHFFFAOYSA-N.xyz
placing atoms 546:552 with molecule OKKJLVBELUTLKV-UHFFFAOYSA-N.xyz
placing atoms 552:558 with molecule OKKJLVBELUTLKV-UHFFFAOYSA-N.xyz
placing atoms 558:564 with molecule OKKJLVBELUTLKV-UHFFFAOYSA-N.xyz
placing atoms 564:570 with molecule OKKJLVBELUTLKV-UHFFFAOYSA-N.xyz
placing atoms 570:576 with molecule OKKJLVBELUTLKV-UHFFFAOYSA-N.xyz
placing atoms 576:582 with molecule OKKJLVBELUTLKV-UHFFFAOYSA-N.xyz
placing atoms 582:588 with molecule OKKJLVBELUTLKV-UHFFFAOYSA-N.xyz
placing atoms 588:594 with molecule OKKJLVBELUTLKV-UHFFFAOYSA-N.xyz
placing atoms 594:600 with molecule OKKJLVBELUTLKV-UHFFFAOYSA-N.xyz
placing atoms 600:606 with molecule OKKJLVBELUTLKV-UHFFFAOYSA-N.xyz
placing atoms 606:612 with molecule OKKJLVBELUTLKV-UHFFFAOYSA-N.xyz
placing atoms 612:618 with molecule OKKJLVBELUTLKV-UHFFFAOYSA-N.xyz
placing atoms 618:624 with molecule OKKJLVBELUTLKV-UHFFFAOYSA-N.xyz
placing atoms 624:630 with molecule OKKJLVBELUTLKV-UHFFFAOYSA-N.xyz
placing atoms 630:636 with molecule OKKJLVBELUTLKV-UHFFFAOYSA-N.xyz
placing atoms 636:642 with molecule OKKJLVBELUTLKV-UHFFFAOYSA-N.xyz
placing atoms 642:648 with molecule OKKJLVBELUTLKV-UHFFFAOYSA-N.xyz
placing atoms 648:654 with molecule OKKJLVBELUTLKV-UHFFFAOYSA-N.xyz
placing atoms 654:660 with molecule OKKJLVBELUTLKV-UHFFFAOYSA-N.xyz
placing atoms 660:666 with molecule OKKJLVBELUTLKV-UHFFFAOYSA-N.xyz
placing atoms 666:672 with molecule OKKJLVBELUTLKV-UHFFFAOYSA-N.xyz
placing atoms 672:678 with molecule OKKJLVBELUTLKV-UHFFFAOYSA-N.xyz
placing atoms 678:684 with molecule OKKJLVBELUTLKV-UHFFFAOYSA-N.xyz
placing atoms 684:690 with molecule OKKJLVBELUTLKV-UHFFFAOYSA-N.xyz
placing atoms 690:696 with molecule OKKJLVBELUTLKV-UHFFFAOYSA-N.xyz
placing atoms 696:702 with molecule OKKJLVBELUTLKV-UHFFFAOYSA-N.xyz
placing atoms 702:708 with molecule OKKJLVBELUTLKV-UHFFFAOYSA-N.xyz
placing atoms 708:714 with molecule OKKJLVBELUTLKV-UHFFFAOYSA-N.xyz
placing atoms 714:720 with molecule OKKJLVBELUTLKV-UHFFFAOYSA-N.xyz
placing atoms 720:726 with molecule OKKJLVBELUTLKV-UHFFFAOYSA-N.xyz
placing atoms 726:732 with molecule OKKJLVBELUTLKV-UHFFFAOYSA-N.xyz
placing atoms 732:738 with molecule OKKJLVBELUTLKV-UHFFFAOYSA-N.xyz
placing atoms 738:744 with molecule OKKJLVBELUTLKV-UHFFFAOYSA-N.xyz
placing atoms 744:750 with molecule OKKJLVBELUTLKV-UHFFFAOYSA-N.xyz
placing atoms 750:756 with molecule OKKJLVBELUTLKV-UHFFFAOYSA-N.xyz
placing atoms 756:762 with molecule OKKJLVBELUTLKV-UHFFFAOYSA-N.xyz
placing atoms 762:768 with molecule OKKJLVBELUTLKV-UHFFFAOYSA-N.xyz
placing atoms 768:774 with molecule OKKJLVBELUTLKV-UHFFFAOYSA-N.xyz
placing atoms 774:780 with molecule OKKJLVBELUTLKV-UHFFFAOYSA-N.xyz
placing atoms 780:786 with molecule OKKJLVBELUTLKV-UHFFFAOYSA-N.xyz
placing atoms 786:792 with molecule OKKJLVBELUTLKV-UHFFFAOYSA-N.xyz
placing atoms 792:798 with molecule OKKJLVBELUTLKV-UHFFFAOYSA-N.xyz
placing atoms 798:804 with molecule OKKJLVBELUTLKV-UHFFFAOYSA-N.xyz
placing atoms 804:810 with molecule OKKJLVBELUTLKV-UHFFFAOYSA-N.xyz
placing atoms 810:816 with molecule OKKJLVBELUTLKV-UHFFFAOYSA-N.xyz
placing atoms 816:822 with molecule OKKJLVBELUTLKV-UHFFFAOYSA-N.xyz
placing atoms 822:828 with molecule OKKJLVBELUTLKV-UHFFFAOYSA-N.xyz
placing atoms 828:834 with molecule OKKJLVBELUTLKV-UHFFFAOYSA-N.xyz
placing atoms 834:840 with molecule OKKJLVBELUTLKV-UHFFFAOYSA-N.xyz
placing atoms 840:846 with molecule OKKJLVBELUTLKV-UHFFFAOYSA-N.xyz
placing atoms 846:852 with molecule OKKJLVBELUTLKV-UHFFFAOYSA-N.xyz
placing atoms 852:858 with molecule OKKJLVBELUTLKV-UHFFFAOYSA-N.xyz
placing atoms 858:864 with molecule OKKJLVBELUTLKV-UHFFFAOYSA-N.xyz
placing atoms 864:870 with molecule OKKJLVBELUTLKV-UHFFFAOYSA-N.xyz
placing atoms 870:876 with molecule OKKJLVBELUTLKV-UHFFFAOYSA-N.xyz
placing atoms 876:882 with molecule OKKJLVBELUTLKV-UHFFFAOYSA-N.xyz
placing atoms 882:888 with molecule OKKJLVBELUTLKV-UHFFFAOYSA-N.xyz
placing atoms 888:894 with molecule OKKJLVBELUTLKV-UHFFFAOYSA-N.xyz
placing atoms 894:900 with molecule OKKJLVBELUTLKV-UHFFFAOYSA-N.xyz
placing atoms 900:906 with molecule OKKJLVBELUTLKV-UHFFFAOYSA-N.xyz
placing atoms 906:912 with molecule OKKJLVBELUTLKV-UHFFFAOYSA-N.xyz
placing atoms 912:918 with molecule OKKJLVBELUTLKV-UHFFFAOYSA-N.xyz
placing atoms 918:924 with molecule OKKJLVBELUTLKV-UHFFFAOYSA-N.xyz
placing atoms 924:930 with molecule OKKJLVBELUTLKV-UHFFFAOYSA-N.xyz
placing atoms 930:936 with molecule OKKJLVBELUTLKV-UHFFFAOYSA-N.xyz
placing atoms 936:942 with molecule OKKJLVBELUTLKV-UHFFFAOYSA-N.xyz
placing atoms 942:948 with molecule OKKJLVBELUTLKV-UHFFFAOYSA-N.xyz
placing atoms 948:954 with molecule OKKJLVBELUTLKV-UHFFFAOYSA-N.xyz
placing atoms 954:960 with molecule OKKJLVBELUTLKV-UHFFFAOYSA-N.xyz
placing atoms 960:966 with molecule OKKJLVBELUTLKV-UHFFFAOYSA-N.xyz
placing atoms 966:972 with molecule OKKJLVBELUTLKV-UHFFFAOYSA-N.xyz
placing atoms 972:978 with molecule OKKJLVBELUTLKV-UHFFFAOYSA-N.xyz
placing atoms 978:984 with molecule OKKJLVBELUTLKV-UHFFFAOYSA-N.xyz
placing atoms 984:990 with molecule OKKJLVBELUTLKV-UHFFFAOYSA-N.xyz
placing atoms 990:996 with molecule OKKJLVBELUTLKV-UHFFFAOYSA-N.xyz
placing atoms 996:1002 with molecule OKKJLVBELUTLKV-UHFFFAOYSA-N.xyz
The simulation cell has 167 molecules and dimensions of 43.97 x 43.97 x 43.97

*********************************************************************************************************************************************************************************
*                                          Initializing VDW parameters for the simulation (those with * were read from the FF file(s))                                          *
*-------------------------------------------------------------------------------------------------------------------------------------------------------------------------------*
* Type                                               Type                                               VDW_type              eps (kcal/mol)     sigma (angstroms)  origin      *
*********************************************************************************************************************************************************************************
  [1[6[8][1][1]]]                                    [1[6[8][1][1]]]                                    lj/cut/coul/long      0.0440             2.5711             read              
  [1[8[6]]]                                          [1[6[8][1][1]]]                                    lj/cut/coul/long      0.0440             2.5711             read              
  [1[8[6]]]                                          [1[8[6]]]                                          lj/cut/coul/long      0.0440             2.5711             read              
  [6[8[1]][1][1][1]]                                 [1[6[8][1][1]]]                                    lj/cut/coul/long      0.0680             3.0010             read              
  [6[8[1]][1][1][1]]                                 [1[8[6]]]                                          lj/cut/coul/long      0.0680             3.0010             read              
  [6[8[1]][1][1][1]]                                 [6[8[1]][1][1][1]]                                 lj/cut/coul/long      0.1050             3.4309             read              
  [8[6[1][1][1]][1]]                                 [1[6[8][1][1]]]                                    lj/cut/coul/long      0.0514             2.8446             read              
  [8[6[1][1][1]][1]]                                 [1[8[6]]]                                          lj/cut/coul/long      0.0514             2.8446             read              
  [8[6[1][1][1]][1]]                                 [6[8[1]][1][1][1]]                                 lj/cut/coul/long      0.0794             3.2745             read              
  [8[6[1][1][1]][1]]                                 [8[6[1][1][1]][1]]                                 lj/cut/coul/long      0.0600             3.1181             read              

Writing LAMMPS datafile (charges.data)...
Writing LAMMPS settings file (charges.in.settings)...
Writing LAMMPS input file (charges.in.init)...
Writing mapfile (charges.map)...
Writing molfile (charges.mol.txt)...
Writing pair file (charges.pairs)...

*********************************************************************************************************************************************************************************
*                                                                           Success! Have a Nice Day!                                                                           *
*********************************************************************************************************************************************************************************

PROGRAM CALL: python gen_md_for_sampling.py VGGSQFUCUMXWEO-UHFFFAOYSA-N.xyz -N 167 -T 298 -T_A 400 -t 1E5 -t_A 1E5 -charge_scale 1.0 -o charges -q 0 -gens 2 --molecule -FF /scratch/brown/seo89/linear_molecules/nitrogen_new/Params_for_Batch.db /scratch/brown/seo89/linear_molecules/nitrogen_new/gen-1_initial_params/params-DFT.db

Determining atom types based on a VGGSQFUCUMXWEO-UHFFFAOYSA-N.xyz-bond deep search...

***********************************************************************************************************************************************************************
*                                            Parsing Modes and FF Information for Molecule VGGSQFUCUMXWEO-UHFFFAOYSA-N.xyz                                            *
***********************************************************************************************************************************************************************

Parsing bonds...
Parsing angles...
Parsing dihedrals...

***********************************************************************************************************************************************************************
*                                                      Mode Summary for Molecule VGGSQFUCUMXWEO-UHFFFAOYSA-N.xyz                                                      *
***********************************************************************************************************************************************************************


Atom_types (2):

	[1[6[6][1]]]
	[6[6[1][1]][1][1]]

Bond types (2):

	('[1[6[6][1]]]', '[6[6[1][1]][1][1]]')
	('[6[6[1][1]][1][1]]', '[6[6[1][1]][1][1]]')

Angle types (2):

	('[1[6[6][1]]]', '[6[6[1][1]][1][1]]', '[1[6[6][1]]]')
	('[1[6[6][1]]]', '[6[6[1][1]][1][1]]', '[6[6[1][1]][1][1]]')

Dihedral types (1):

	('[1[6[6][1]]]', '[6[6[1][1]][1][1]]', '[6[6[1][1]][1][1]]', '[1[6[6][1]]]', 'harmonic')

Residual Charge:                         -5.551115123125783e-17
Charge added to each atom:               9.25185853854297e-18
Final Total Charge:                      -5.551115123125783e-17

***********************************************************************************************************************************************************************
*                                                                       System Characteristics                                                                        *
*---------------------------------------------------------------------------------------------------------------------------------------------------------------------*
* Type                                                                                    Element                  Mass                     Charge                    *
***********************************************************************************************************************************************************************
 [6[6[1][1]][1][1]]                                                                       C                        12.011000               -0.343546               
 [6[6[1][1]][1][1]]                                                                       C                        12.011000               -0.343546               
 [1[6[6][1]]]                                                                             H                        1.007940                 0.171773               
 [1[6[6][1]]]                                                                             H                        1.007940                 0.171773               
 [1[6[6][1]]]                                                                             H                        1.007940                 0.171773               
 [1[6[6][1]]]                                                                             H                        1.007940                 0.171773               

Packing simulation cell...
placing atoms 0:6 with molecule VGGSQFUCUMXWEO-UHFFFAOYSA-N.xyz
placing atoms 6:12 with molecule VGGSQFUCUMXWEO-UHFFFAOYSA-N.xyz
placing atoms 12:18 with molecule VGGSQFUCUMXWEO-UHFFFAOYSA-N.xyz
placing atoms 18:24 with molecule VGGSQFUCUMXWEO-UHFFFAOYSA-N.xyz
placing atoms 24:30 with molecule VGGSQFUCUMXWEO-UHFFFAOYSA-N.xyz
placing atoms 30:36 with molecule VGGSQFUCUMXWEO-UHFFFAOYSA-N.xyz
placing atoms 36:42 with molecule VGGSQFUCUMXWEO-UHFFFAOYSA-N.xyz
placing atoms 42:48 with molecule VGGSQFUCUMXWEO-UHFFFAOYSA-N.xyz
placing atoms 48:54 with molecule VGGSQFUCUMXWEO-UHFFFAOYSA-N.xyz
placing atoms 54:60 with molecule VGGSQFUCUMXWEO-UHFFFAOYSA-N.xyz
placing atoms 60:66 with molecule VGGSQFUCUMXWEO-UHFFFAOYSA-N.xyz
placing atoms 66:72 with molecule VGGSQFUCUMXWEO-UHFFFAOYSA-N.xyz
placing atoms 72:78 with molecule VGGSQFUCUMXWEO-UHFFFAOYSA-N.xyz
placing atoms 78:84 with molecule VGGSQFUCUMXWEO-UHFFFAOYSA-N.xyz
placing atoms 84:90 with molecule VGGSQFUCUMXWEO-UHFFFAOYSA-N.xyz
placing atoms 90:96 with molecule VGGSQFUCUMXWEO-UHFFFAOYSA-N.xyz
placing atoms 96:102 with molecule VGGSQFUCUMXWEO-UHFFFAOYSA-N.xyz
placing atoms 102:108 with molecule VGGSQFUCUMXWEO-UHFFFAOYSA-N.xyz
placing atoms 108:114 with molecule VGGSQFUCUMXWEO-UHFFFAOYSA-N.xyz
placing atoms 114:120 with molecule VGGSQFUCUMXWEO-UHFFFAOYSA-N.xyz
placing atoms 120:126 with molecule VGGSQFUCUMXWEO-UHFFFAOYSA-N.xyz
placing atoms 126:132 with molecule VGGSQFUCUMXWEO-UHFFFAOYSA-N.xyz
placing atoms 132:138 with molecule VGGSQFUCUMXWEO-UHFFFAOYSA-N.xyz
placing atoms 138:144 with molecule VGGSQFUCUMXWEO-UHFFFAOYSA-N.xyz
placing atoms 144:150 with molecule VGGSQFUCUMXWEO-UHFFFAOYSA-N.xyz
placing atoms 150:156 with molecule VGGSQFUCUMXWEO-UHFFFAOYSA-N.xyz
placing atoms 156:162 with molecule VGGSQFUCUMXWEO-UHFFFAOYSA-N.xyz
placing atoms 162:168 with molecule VGGSQFUCUMXWEO-UHFFFAOYSA-N.xyz
placing atoms 168:174 with molecule VGGSQFUCUMXWEO-UHFFFAOYSA-N.xyz
placing atoms 174:180 with molecule VGGSQFUCUMXWEO-UHFFFAOYSA-N.xyz
placing atoms 180:186 with molecule VGGSQFUCUMXWEO-UHFFFAOYSA-N.xyz
placing atoms 186:192 with molecule VGGSQFUCUMXWEO-UHFFFAOYSA-N.xyz
placing atoms 192:198 with molecule VGGSQFUCUMXWEO-UHFFFAOYSA-N.xyz
placing atoms 198:204 with molecule VGGSQFUCUMXWEO-UHFFFAOYSA-N.xyz
placing atoms 204:210 with molecule VGGSQFUCUMXWEO-UHFFFAOYSA-N.xyz
placing atoms 210:216 with molecule VGGSQFUCUMXWEO-UHFFFAOYSA-N.xyz
placing atoms 216:222 with molecule VGGSQFUCUMXWEO-UHFFFAOYSA-N.xyz
placing atoms 222:228 with molecule VGGSQFUCUMXWEO-UHFFFAOYSA-N.xyz
placing atoms 228:234 with molecule VGGSQFUCUMXWEO-UHFFFAOYSA-N.xyz
placing atoms 234:240 with molecule VGGSQFUCUMXWEO-UHFFFAOYSA-N.xyz
placing atoms 240:246 with molecule VGGSQFUCUMXWEO-UHFFFAOYSA-N.xyz
placing atoms 246:252 with molecule VGGSQFUCUMXWEO-UHFFFAOYSA-N.xyz
placing atoms 252:258 with molecule VGGSQFUCUMXWEO-UHFFFAOYSA-N.xyz
placing atoms 258:264 with molecule VGGSQFUCUMXWEO-UHFFFAOYSA-N.xyz
placing atoms 264:270 with molecule VGGSQFUCUMXWEO-UHFFFAOYSA-N.xyz
placing atoms 270:276 with molecule VGGSQFUCUMXWEO-UHFFFAOYSA-N.xyz
placing atoms 276:282 with molecule VGGSQFUCUMXWEO-UHFFFAOYSA-N.xyz
placing atoms 282:288 with molecule VGGSQFUCUMXWEO-UHFFFAOYSA-N.xyz
placing atoms 288:294 with molecule VGGSQFUCUMXWEO-UHFFFAOYSA-N.xyz
placing atoms 294:300 with molecule VGGSQFUCUMXWEO-UHFFFAOYSA-N.xyz
placing atoms 300:306 with molecule VGGSQFUCUMXWEO-UHFFFAOYSA-N.xyz
placing atoms 306:312 with molecule VGGSQFUCUMXWEO-UHFFFAOYSA-N.xyz
placing atoms 312:318 with molecule VGGSQFUCUMXWEO-UHFFFAOYSA-N.xyz
placing atoms 318:324 with molecule VGGSQFUCUMXWEO-UHFFFAOYSA-N.xyz
placing atoms 324:330 with molecule VGGSQFUCUMXWEO-UHFFFAOYSA-N.xyz
placing atoms 330:336 with molecule VGGSQFUCUMXWEO-UHFFFAOYSA-N.xyz
placing atoms 336:342 with molecule VGGSQFUCUMXWEO-UHFFFAOYSA-N.xyz
placing atoms 342:348 with molecule VGGSQFUCUMXWEO-UHFFFAOYSA-N.xyz
placing atoms 348:354 with molecule VGGSQFUCUMXWEO-UHFFFAOYSA-N.xyz
placing atoms 354:360 with molecule VGGSQFUCUMXWEO-UHFFFAOYSA-N.xyz
placing atoms 360:366 with molecule VGGSQFUCUMXWEO-UHFFFAOYSA-N.xyz
placing atoms 366:372 with molecule VGGSQFUCUMXWEO-UHFFFAOYSA-N.xyz
placing atoms 372:378 with molecule VGGSQFUCUMXWEO-UHFFFAOYSA-N.xyz
placing atoms 378:384 with molecule VGGSQFUCUMXWEO-UHFFFAOYSA-N.xyz
placing atoms 384:390 with molecule VGGSQFUCUMXWEO-UHFFFAOYSA-N.xyz
placing atoms 390:396 with molecule VGGSQFUCUMXWEO-UHFFFAOYSA-N.xyz
placing atoms 396:402 with molecule VGGSQFUCUMXWEO-UHFFFAOYSA-N.xyz
placing atoms 402:408 with molecule VGGSQFUCUMXWEO-UHFFFAOYSA-N.xyz
placing atoms 408:414 with molecule VGGSQFUCUMXWEO-UHFFFAOYSA-N.xyz
placing atoms 414:420 with molecule VGGSQFUCUMXWEO-UHFFFAOYSA-N.xyz
placing atoms 420:426 with molecule VGGSQFUCUMXWEO-UHFFFAOYSA-N.xyz
placing atoms 426:432 with molecule VGGSQFUCUMXWEO-UHFFFAOYSA-N.xyz
placing atoms 432:438 with molecule VGGSQFUCUMXWEO-UHFFFAOYSA-N.xyz
placing atoms 438:444 with molecule VGGSQFUCUMXWEO-UHFFFAOYSA-N.xyz
placing atoms 444:450 with molecule VGGSQFUCUMXWEO-UHFFFAOYSA-N.xyz
placing atoms 450:456 with molecule VGGSQFUCUMXWEO-UHFFFAOYSA-N.xyz
placing atoms 456:462 with molecule VGGSQFUCUMXWEO-UHFFFAOYSA-N.xyz
placing atoms 462:468 with molecule VGGSQFUCUMXWEO-UHFFFAOYSA-N.xyz
placing atoms 468:474 with molecule VGGSQFUCUMXWEO-UHFFFAOYSA-N.xyz
placing atoms 474:480 with molecule VGGSQFUCUMXWEO-UHFFFAOYSA-N.xyz
placing atoms 480:486 with molecule VGGSQFUCUMXWEO-UHFFFAOYSA-N.xyz
placing atoms 486:492 with molecule VGGSQFUCUMXWEO-UHFFFAOYSA-N.xyz
placing atoms 492:498 with molecule VGGSQFUCUMXWEO-UHFFFAOYSA-N.xyz
placing atoms 498:504 with molecule VGGSQFUCUMXWEO-UHFFFAOYSA-N.xyz
placing atoms 504:510 with molecule VGGSQFUCUMXWEO-UHFFFAOYSA-N.xyz
placing atoms 510:516 with molecule VGGSQFUCUMXWEO-UHFFFAOYSA-N.xyz
placing atoms 516:522 with molecule VGGSQFUCUMXWEO-UHFFFAOYSA-N.xyz
placing atoms 522:528 with molecule VGGSQFUCUMXWEO-UHFFFAOYSA-N.xyz
placing atoms 528:534 with molecule VGGSQFUCUMXWEO-UHFFFAOYSA-N.xyz
placing atoms 534:540 with molecule VGGSQFUCUMXWEO-UHFFFAOYSA-N.xyz
placing atoms 540:546 with molecule VGGSQFUCUMXWEO-UHFFFAOYSA-N.xyz
placing atoms 546:552 with molecule VGGSQFUCUMXWEO-UHFFFAOYSA-N.xyz
placing atoms 552:558 with molecule VGGSQFUCUMXWEO-UHFFFAOYSA-N.xyz
placing atoms 558:564 with molecule VGGSQFUCUMXWEO-UHFFFAOYSA-N.xyz
placing atoms 564:570 with molecule VGGSQFUCUMXWEO-UHFFFAOYSA-N.xyz
placing atoms 570:576 with molecule VGGSQFUCUMXWEO-UHFFFAOYSA-N.xyz
placing atoms 576:582 with molecule VGGSQFUCUMXWEO-UHFFFAOYSA-N.xyz
placing atoms 582:588 with molecule VGGSQFUCUMXWEO-UHFFFAOYSA-N.xyz
placing atoms 588:594 with molecule VGGSQFUCUMXWEO-UHFFFAOYSA-N.xyz
placing atoms 594:600 with molecule VGGSQFUCUMXWEO-UHFFFAOYSA-N.xyz
placing atoms 600:606 with molecule VGGSQFUCUMXWEO-UHFFFAOYSA-N.xyz
placing atoms 606:612 with molecule VGGSQFUCUMXWEO-UHFFFAOYSA-N.xyz
placing atoms 612:618 with molecule VGGSQFUCUMXWEO-UHFFFAOYSA-N.xyz
placing atoms 618:624 with molecule VGGSQFUCUMXWEO-UHFFFAOYSA-N.xyz
placing atoms 624:630 with molecule VGGSQFUCUMXWEO-UHFFFAOYSA-N.xyz
placing atoms 630:636 with molecule VGGSQFUCUMXWEO-UHFFFAOYSA-N.xyz
placing atoms 636:642 with molecule VGGSQFUCUMXWEO-UHFFFAOYSA-N.xyz
placing atoms 642:648 with molecule VGGSQFUCUMXWEO-UHFFFAOYSA-N.xyz
placing atoms 648:654 with molecule VGGSQFUCUMXWEO-UHFFFAOYSA-N.xyz
placing atoms 654:660 with molecule VGGSQFUCUMXWEO-UHFFFAOYSA-N.xyz
placing atoms 660:666 with molecule VGGSQFUCUMXWEO-UHFFFAOYSA-N.xyz
placing atoms 666:672 with molecule VGGSQFUCUMXWEO-UHFFFAOYSA-N.xyz
placing atoms 672:678 with molecule VGGSQFUCUMXWEO-UHFFFAOYSA-N.xyz
placing atoms 678:684 with molecule VGGSQFUCUMXWEO-UHFFFAOYSA-N.xyz
placing atoms 684:690 with molecule VGGSQFUCUMXWEO-UHFFFAOYSA-N.xyz
placing atoms 690:696 with molecule VGGSQFUCUMXWEO-UHFFFAOYSA-N.xyz
placing atoms 696:702 with molecule VGGSQFUCUMXWEO-UHFFFAOYSA-N.xyz
placing atoms 702:708 with molecule VGGSQFUCUMXWEO-UHFFFAOYSA-N.xyz
placing atoms 708:714 with molecule VGGSQFUCUMXWEO-UHFFFAOYSA-N.xyz
placing atoms 714:720 with molecule VGGSQFUCUMXWEO-UHFFFAOYSA-N.xyz
placing atoms 720:726 with molecule VGGSQFUCUMXWEO-UHFFFAOYSA-N.xyz
placing atoms 726:732 with molecule VGGSQFUCUMXWEO-UHFFFAOYSA-N.xyz
placing atoms 732:738 with molecule VGGSQFUCUMXWEO-UHFFFAOYSA-N.xyz
placing atoms 738:744 with molecule VGGSQFUCUMXWEO-UHFFFAOYSA-N.xyz
placing atoms 744:750 with molecule VGGSQFUCUMXWEO-UHFFFAOYSA-N.xyz
placing atoms 750:756 with molecule VGGSQFUCUMXWEO-UHFFFAOYSA-N.xyz
placing atoms 756:762 with molecule VGGSQFUCUMXWEO-UHFFFAOYSA-N.xyz
placing atoms 762:768 with molecule VGGSQFUCUMXWEO-UHFFFAOYSA-N.xyz
placing atoms 768:774 with molecule VGGSQFUCUMXWEO-UHFFFAOYSA-N.xyz
placing atoms 774:780 with molecule VGGSQFUCUMXWEO-UHFFFAOYSA-N.xyz
placing atoms 780:786 with molecule VGGSQFUCUMXWEO-UHFFFAOYSA-N.xyz
placing atoms 786:792 with molecule VGGSQFUCUMXWEO-UHFFFAOYSA-N.xyz
placing atoms 792:798 with molecule VGGSQFUCUMXWEO-UHFFFAOYSA-N.xyz
placing atoms 798:804 with molecule VGGSQFUCUMXWEO-UHFFFAOYSA-N.xyz
placing atoms 804:810 with molecule VGGSQFUCUMXWEO-UHFFFAOYSA-N.xyz
placing atoms 810:816 with molecule VGGSQFUCUMXWEO-UHFFFAOYSA-N.xyz
placing atoms 816:822 with molecule VGGSQFUCUMXWEO-UHFFFAOYSA-N.xyz
placing atoms 822:828 with molecule VGGSQFUCUMXWEO-UHFFFAOYSA-N.xyz
placing atoms 828:834 with molecule VGGSQFUCUMXWEO-UHFFFAOYSA-N.xyz
placing atoms 834:840 with molecule VGGSQFUCUMXWEO-UHFFFAOYSA-N.xyz
placing atoms 840:846 with molecule VGGSQFUCUMXWEO-UHFFFAOYSA-N.xyz
placing atoms 846:852 with molecule VGGSQFUCUMXWEO-UHFFFAOYSA-N.xyz
placing atoms 852:858 with molecule VGGSQFUCUMXWEO-UHFFFAOYSA-N.xyz
placing atoms 858:864 with molecule VGGSQFUCUMXWEO-UHFFFAOYSA-N.xyz
placing atoms 864:870 with molecule VGGSQFUCUMXWEO-UHFFFAOYSA-N.xyz
placing atoms 870:876 with molecule VGGSQFUCUMXWEO-UHFFFAOYSA-N.xyz
placing atoms 876:882 with molecule VGGSQFUCUMXWEO-UHFFFAOYSA-N.xyz
placing atoms 882:888 with molecule VGGSQFUCUMXWEO-UHFFFAOYSA-N.xyz
placing atoms 888:894 with molecule VGGSQFUCUMXWEO-UHFFFAOYSA-N.xyz
placing atoms 894:900 with molecule VGGSQFUCUMXWEO-UHFFFAOYSA-N.xyz
placing atoms 900:906 with molecule VGGSQFUCUMXWEO-UHFFFAOYSA-N.xyz
placing atoms 906:912 with molecule VGGSQFUCUMXWEO-UHFFFAOYSA-N.xyz
placing atoms 912:918 with molecule VGGSQFUCUMXWEO-UHFFFAOYSA-N.xyz
placing atoms 918:924 with molecule VGGSQFUCUMXWEO-UHFFFAOYSA-N.xyz
placing atoms 924:930 with molecule VGGSQFUCUMXWEO-UHFFFAOYSA-N.xyz
placing atoms 930:936 with molecule VGGSQFUCUMXWEO-UHFFFAOYSA-N.xyz
placing atoms 936:942 with molecule VGGSQFUCUMXWEO-UHFFFAOYSA-N.xyz
placing atoms 942:948 with molecule VGGSQFUCUMXWEO-UHFFFAOYSA-N.xyz
placing atoms 948:954 with molecule VGGSQFUCUMXWEO-UHFFFAOYSA-N.xyz
placing atoms 954:960 with molecule VGGSQFUCUMXWEO-UHFFFAOYSA-N.xyz
placing atoms 960:966 with molecule VGGSQFUCUMXWEO-UHFFFAOYSA-N.xyz
placing atoms 966:972 with molecule VGGSQFUCUMXWEO-UHFFFAOYSA-N.xyz
placing atoms 972:978 with molecule VGGSQFUCUMXWEO-UHFFFAOYSA-N.xyz
placing atoms 978:984 with molecule VGGSQFUCUMXWEO-UHFFFAOYSA-N.xyz
placing atoms 984:990 with molecule VGGSQFUCUMXWEO-UHFFFAOYSA-N.xyz
placing atoms 990:996 with molecule VGGSQFUCUMXWEO-UHFFFAOYSA-N.xyz
placing atoms 996:1002 with molecule VGGSQFUCUMXWEO-UHFFFAOYSA-N.xyz
The simulation cell has 167 molecules and dimensions of 42.49 x 42.49 x 42.49

*********************************************************************************************************************************************************************************
*                                          Initializing VDW parameters for the simulation (those with * were read from the FF file(s))                                          *
*-------------------------------------------------------------------------------------------------------------------------------------------------------------------------------*
* Type                                               Type                                               VDW_type              eps (kcal/mol)     sigma (angstroms)  origin      *
*********************************************************************************************************************************************************************************
  [1[6[6][1]]]                                       [1[6[6][1]]]                                       lj/cut/coul/long      0.0440             2.5711             read              
  [6[6[1][1]][1][1]]                                 [1[6[6][1]]]                                       lj/cut/coul/long      0.0680             3.0010             read              
  [6[6[1][1]][1][1]]                                 [6[6[1][1]][1][1]]                                 lj/cut/coul/long      0.1050             3.4309             read              

Writing LAMMPS datafile (charges.data)...
Writing LAMMPS settings file (charges.in.settings)...
Writing LAMMPS input file (charges.in.init)...
Writing mapfile (charges.map)...
Writing molfile (charges.mol.txt)...
Writing pair file (charges.pairs)...

*********************************************************************************************************************************************************************************
*                                                                           Success! Have a Nice Day!                                                                           *
*********************************************************************************************************************************************************************************

waiting for jobs ['2650587', '2650589', '2650591', '2650593'] to complete....
COMPLETE: MD-sampling for gen-1 partial-charge calculations
PROGRAM CALL: python gen_jobs_for_charges.py equil.lammpstrj charges.map -every 10 -N 200 -mol_list 0 -p 8 -QC_types dft -o CHELPG_calcs -q 0 -f wB97X-D3 --no_D3


********************************************************************************************************
*                          Parsing unique molecules from the simulation data                           *
********************************************************************************************************
Number of unique molecules in the fit configurations: 1

Molecule: 0

	Atom_types                                Charges                                 
	[6[7[1][1]][1][1][1]]                     0.269252   
	[7[6[1][1][1]][1][1]]                    -0.942234   
	[1[7[6][1]]]                              0.354236   
	[1[7[6][1]]]                              0.354236   
	[1[6[7][1][1]]]                          -0.011830   
	[1[6[7][1][1]]]                          -0.011830   
	[1[6[7][1][1]]]                          -0.011830   

	Correspondence with trajectory mol_id: 0, 1, 2, 3, 4, 5, 6, 7, 8, 9, 10, 11, 12, 13, 14, 15, 16, 17, 18, 19, 20, 21, 22, 23, 24, 25, 26, 27, 28, 29, 30, 31, 32, 33, 34, 35, 36, 37, 38, 39, 40, 41, 42, 43, 44, 45, 46, 47, 48, 49, 50, 51, 52, 53, 54, 55, 56, 57, 58, 59, 60, 61, 62, 63, 64, 65, 66, 67, 68, 69, 70, 71, 72, 73, 74, 75, 76, 77, 78, 79, 80, 81, 82, 83, 84, 85, 86, 87, 88, 89, 90, 91, 92, 93, 94, 95, 96, 97, 98, 99, 100, 101, 102, 103, 104, 105, 106, 107, 108, 109, 110, 111, 112, 113, 114, 115, 116, 117, 118, 119, 120, 121, 122, 123, 124, 125, 126, 127, 128, 129, 130, 131, 132, 133, 134, 135, 136, 137, 138, 139, 140, 141, 142
	Total charge:  0

********************************************************************************************************
*                            Parsing configurations from LAMMPS trajectory                             *
********************************************************************************************************

                                              Configurations_Drawn
parsing configurations from frame 0         : 0
parsing configurations from frame 10        : 143

Total configurations parsed: 200

********************************************************************************************************
*                    Parse Complete! The configurations are waiting in CHELPG_calcs                    *
********************************************************************************************************

PROGRAM CALL: python gen_jobs_for_charges.py equil.lammpstrj charges.map -every 10 -N 200 -mol_list 0 -p 8 -QC_types dft -o CHELPG_calcs -q 0 -f wB97X-D3 --no_D3


********************************************************************************************************
*                          Parsing unique molecules from the simulation data                           *
********************************************************************************************************
Number of unique molecules in the fit configurations: 1

Molecule: 0

	Atom_types                                Charges                                 
	[6[6[1][1][1]][1][1][1]]                 -0.062728   
	[6[6[1][1][1]][1][1][1]]                 -0.062728   
	[1[6[6][1][1]]]                           0.020909   
	[1[6[6][1][1]]]                           0.020909   
	[1[6[6][1][1]]]                           0.020909   
	[1[6[6][1][1]]]                           0.020909   
	[1[6[6][1][1]]]                           0.020909   
	[1[6[6][1][1]]]                           0.020909   

	Correspondence with trajectory mol_id: 0, 1, 2, 3, 4, 5, 6, 7, 8, 9, 10, 11, 12, 13, 14, 15, 16, 17, 18, 19, 20, 21, 22, 23, 24, 25, 26, 27, 28, 29, 30, 31, 32, 33, 34, 35, 36, 37, 38, 39, 40, 41, 42, 43, 44, 45, 46, 47, 48, 49, 50, 51, 52, 53, 54, 55, 56, 57, 58, 59, 60, 61, 62, 63, 64, 65, 66, 67, 68, 69, 70, 71, 72, 73, 74, 75, 76, 77, 78, 79, 80, 81, 82, 83, 84, 85, 86, 87, 88, 89, 90, 91, 92, 93, 94, 95, 96, 97, 98, 99, 100, 101, 102, 103, 104, 105, 106, 107, 108, 109, 110, 111, 112, 113, 114, 115, 116, 117, 118, 119, 120, 121, 122, 123, 124, 125
	Total charge:  0

********************************************************************************************************
*                            Parsing configurations from LAMMPS trajectory                             *
********************************************************************************************************

                                              Configurations_Drawn
parsing configurations from frame 0         : 0
parsing configurations from frame 10        : 126

Total configurations parsed: 200

********************************************************************************************************
*                    Parse Complete! The configurations are waiting in CHELPG_calcs                    *
********************************************************************************************************

PROGRAM CALL: python gen_jobs_for_charges.py equil.lammpstrj charges.map -every 10 -N 200 -mol_list 0 -p 8 -QC_types dft -o CHELPG_calcs -q 0 -f wB97X-D3 --no_D3


********************************************************************************************************
*                          Parsing unique molecules from the simulation data                           *
********************************************************************************************************
Number of unique molecules in the fit configurations: 1

Molecule: 0

	Atom_types                                Charges                                 
	[6[8[1]][1][1][1]]                        0.089063   
	[8[6[1][1][1]][1]]                       -0.604789   
	[1[8[6]]]                                 0.406250   
	[1[6[8][1][1]]]                           0.036492   
	[1[6[8][1][1]]]                           0.036492   
	[1[6[8][1][1]]]                           0.036492   

	Correspondence with trajectory mol_id: 0, 1, 2, 3, 4, 5, 6, 7, 8, 9, 10, 11, 12, 13, 14, 15, 16, 17, 18, 19, 20, 21, 22, 23, 24, 25, 26, 27, 28, 29, 30, 31, 32, 33, 34, 35, 36, 37, 38, 39, 40, 41, 42, 43, 44, 45, 46, 47, 48, 49, 50, 51, 52, 53, 54, 55, 56, 57, 58, 59, 60, 61, 62, 63, 64, 65, 66, 67, 68, 69, 70, 71, 72, 73, 74, 75, 76, 77, 78, 79, 80, 81, 82, 83, 84, 85, 86, 87, 88, 89, 90, 91, 92, 93, 94, 95, 96, 97, 98, 99, 100, 101, 102, 103, 104, 105, 106, 107, 108, 109, 110, 111, 112, 113, 114, 115, 116, 117, 118, 119, 120, 121, 122, 123, 124, 125, 126, 127, 128, 129, 130, 131, 132, 133, 134, 135, 136, 137, 138, 139, 140, 141, 142, 143, 144, 145, 146, 147, 148, 149, 150, 151, 152, 153, 154, 155, 156, 157, 158, 159, 160, 161, 162, 163, 164, 165, 166
	Total charge:  0

********************************************************************************************************
*                            Parsing configurations from LAMMPS trajectory                             *
********************************************************************************************************

                                              Configurations_Drawn
parsing configurations from frame 0         : 0
parsing configurations from frame 10        : 167

Total configurations parsed: 200

********************************************************************************************************
*                    Parse Complete! The configurations are waiting in CHELPG_calcs                    *
********************************************************************************************************

PROGRAM CALL: python gen_jobs_for_charges.py equil.lammpstrj charges.map -every 10 -N 200 -mol_list 0 -p 8 -QC_types dft -o CHELPG_calcs -q 0 -f wB97X-D3 --no_D3


********************************************************************************************************
*                          Parsing unique molecules from the simulation data                           *
********************************************************************************************************
Number of unique molecules in the fit configurations: 1

Molecule: 0

	Atom_types                                Charges                                 
	[6[6[1][1]][1][1]]                       -0.343546   
	[6[6[1][1]][1][1]]                       -0.343546   
	[1[6[6][1]]]                              0.171773   
	[1[6[6][1]]]                              0.171773   
	[1[6[6][1]]]                              0.171773   
	[1[6[6][1]]]                              0.171773   

	Correspondence with trajectory mol_id: 0, 1, 2, 3, 4, 5, 6, 7, 8, 9, 10, 11, 12, 13, 14, 15, 16, 17, 18, 19, 20, 21, 22, 23, 24, 25, 26, 27, 28, 29, 30, 31, 32, 33, 34, 35, 36, 37, 38, 39, 40, 41, 42, 43, 44, 45, 46, 47, 48, 49, 50, 51, 52, 53, 54, 55, 56, 57, 58, 59, 60, 61, 62, 63, 64, 65, 66, 67, 68, 69, 70, 71, 72, 73, 74, 75, 76, 77, 78, 79, 80, 81, 82, 83, 84, 85, 86, 87, 88, 89, 90, 91, 92, 93, 94, 95, 96, 97, 98, 99, 100, 101, 102, 103, 104, 105, 106, 107, 108, 109, 110, 111, 112, 113, 114, 115, 116, 117, 118, 119, 120, 121, 122, 123, 124, 125, 126, 127, 128, 129, 130, 131, 132, 133, 134, 135, 136, 137, 138, 139, 140, 141, 142, 143, 144, 145, 146, 147, 148, 149, 150, 151, 152, 153, 154, 155, 156, 157, 158, 159, 160, 161, 162, 163, 164, 165, 166
	Total charge:  0

********************************************************************************************************
*                            Parsing configurations from LAMMPS trajectory                             *
********************************************************************************************************

                                              Configurations_Drawn
parsing configurations from frame 0         : 0
parsing configurations from frame 10        : 167

Total configurations parsed: 200

********************************************************************************************************
*                    Parse Complete! The configurations are waiting in CHELPG_calcs                    *
********************************************************************************************************

waiting for jobs ['2651042', '2651043', '2651044', '2651045', '2651046', '2651047', '2651048', '2651049', '2651050', '2651051', '2651052', '2651053', '2651054', '2651055', '2651056', '2651057', '2651058', '2651059', '2651060', '2651061', '2651062', '2651063', '2651064', '2651065', '2651066', '2651067', '2651068', '2651069', '2651070', '2651071', '2651072', '2651073', '2651074', '2651075', '2651076', '2651077', '2651078', '2651079', '2651080', '2651081', '2651082', '2651083', '2651084', '2651085', '2651086', '2651087', '2651088', '2651089', '2651090', '2651091', '2651092', '2651093', '2651094', '2651095', '2651096', '2651097', '2651098', '2651099', '2651100', '2651101', '2651102', '2651103', '2651104', '2651105', '2651106', '2651107', '2651108', '2651109', '2651110', '2651111', '2651112', '2651113', '2651115', '2651116', '2651117', '2651118', '2651119', '2651120', '2651121', '2651122', '2651123', '2651124', '2651125', '2651126', '2651127', '2651128', '2651129', '2651130', '2651131', '2651132', '2651133', '2651134', '2651135', '2651136', '2651137', '2651138', '2651139', '2651140', '2651141', '2651142', '2651143', '2651144', '2651145', '2651146', '2651147', '2651148', '2651149', '2651150', '2651151', '2651152', '2651153', '2651154', '2651155', '2651156', '2651157', '2651158', '2651159', '2651160', '2651161', '2651162', '2651163', '2651164', '2651165', '2651166', '2651167', '2651168', '2651169', '2651170', '2651171', '2651172', '2651173', '2651174', '2651175', '2651176', '2651177', '2651178'] to complete....
COMPLETE: QC calculations for gen-1 partial-charges
waiting for jobs ['2651193', '2651194', '2651195', '2651196'] to complete....
COMPLETE: Fitting partial charges for gen-1 partial-charges
