PROGRAM CALL: python gen_jobs_for_charges.py equil.lammpstrj charges.map -every 10 -N 200 -mol_list 0 -p 8 -QC_types dft -o CHELPG_calcs -q 0 -f wB97X-D3 --no_D3


********************************************************************************************************
*                          Parsing unique molecules from the simulation data                           *
********************************************************************************************************
Number of unique molecules in the fit configurations: 1

Molecule: 0

	Atom_types                                Charges                                 
	[6[8[1]][1][1][1]]                        0.089063   
	[8[6[1][1][1]][1]]                       -0.604789   
	[1[8[6]]]                                 0.406250   
	[1[6[8][1][1]]]                           0.036492   
	[1[6[8][1][1]]]                           0.036492   
	[1[6[8][1][1]]]                           0.036492   

	Correspondence with trajectory mol_id: 0, 1, 2, 3, 4, 5, 6, 7, 8, 9, 10, 11, 12, 13, 14, 15, 16, 17, 18, 19, 20, 21, 22, 23, 24, 25, 26, 27, 28, 29, 30, 31, 32, 33, 34, 35, 36, 37, 38, 39, 40, 41, 42, 43, 44, 45, 46, 47, 48, 49, 50, 51, 52, 53, 54, 55, 56, 57, 58, 59, 60, 61, 62, 63, 64, 65, 66, 67, 68, 69, 70, 71, 72, 73, 74, 75, 76, 77, 78, 79, 80, 81, 82, 83, 84, 85, 86, 87, 88, 89, 90, 91, 92, 93, 94, 95, 96, 97, 98, 99, 100, 101, 102, 103, 104, 105, 106, 107, 108, 109, 110, 111, 112, 113, 114, 115, 116, 117, 118, 119, 120, 121, 122, 123, 124, 125, 126, 127, 128, 129, 130, 131, 132, 133, 134, 135, 136, 137, 138, 139, 140, 141, 142, 143, 144, 145, 146, 147, 148, 149, 150, 151, 152, 153, 154, 155, 156, 157, 158, 159, 160, 161, 162, 163, 164, 165, 166
	Total charge:  0

********************************************************************************************************
*                            Parsing configurations from LAMMPS trajectory                             *
********************************************************************************************************

                                              Configurations_Drawn
parsing configurations from frame 0         : 0
parsing configurations from frame 10        : 167

Total configurations parsed: 200

********************************************************************************************************
*                    Parse Complete! The configurations are waiting in CHELPG_calcs                    *
********************************************************************************************************

PROGRAM CALL: python gen_jobs_for_charges.py equil.lammpstrj charges.map -every 10 -N 200 -mol_list 0 -p 8 -QC_types dft -o CHELPG_calcs -q 0 -f wB97X-D3 --no_D3


********************************************************************************************************
*                          Parsing unique molecules from the simulation data                           *
********************************************************************************************************
Number of unique molecules in the fit configurations: 1

Molecule: 0

	Atom_types                                Charges                                 
	[6[6[1][1]][1][1]]                       -0.343546   
	[6[6[1][1]][1][1]]                       -0.343546   
	[1[6[6][1]]]                              0.171773   
	[1[6[6][1]]]                              0.171773   
	[1[6[6][1]]]                              0.171773   
	[1[6[6][1]]]                              0.171773   

	Correspondence with trajectory mol_id: 0, 1, 2, 3, 4, 5, 6, 7, 8, 9, 10, 11, 12, 13, 14, 15, 16, 17, 18, 19, 20, 21, 22, 23, 24, 25, 26, 27, 28, 29, 30, 31, 32, 33, 34, 35, 36, 37, 38, 39, 40, 41, 42, 43, 44, 45, 46, 47, 48, 49, 50, 51, 52, 53, 54, 55, 56, 57, 58, 59, 60, 61, 62, 63, 64, 65, 66, 67, 68, 69, 70, 71, 72, 73, 74, 75, 76, 77, 78, 79, 80, 81, 82, 83, 84, 85, 86, 87, 88, 89, 90, 91, 92, 93, 94, 95, 96, 97, 98, 99, 100, 101, 102, 103, 104, 105, 106, 107, 108, 109, 110, 111, 112, 113, 114, 115, 116, 117, 118, 119, 120, 121, 122, 123, 124, 125, 126, 127, 128, 129, 130, 131, 132, 133, 134, 135, 136, 137, 138, 139, 140, 141, 142, 143, 144, 145, 146, 147, 148, 149, 150, 151, 152, 153, 154, 155, 156, 157, 158, 159, 160, 161, 162, 163, 164, 165, 166
	Total charge:  0

********************************************************************************************************
*                            Parsing configurations from LAMMPS trajectory                             *
********************************************************************************************************

                                              Configurations_Drawn
parsing configurations from frame 0         : 0
parsing configurations from frame 10        : 167

Total configurations parsed: 200

********************************************************************************************************
*                    Parse Complete! The configurations are waiting in CHELPG_calcs                    *
********************************************************************************************************

waiting for jobs ['2651042', '2651043', '2651044', '2651045', '2651046', '2651047', '2651048', '2651049', '2651050', '2651051', '2651052', '2651053', '2651054', '2651055', '2651056', '2651057', '2651058', '2651059', '2651060', '2651061', '2651062', '2651063', '2651064', '2651065', '2651066', '2651067', '2651068', '2651069', '2651070', '2651071', '2651072', '2651073', '2651074', '2651075', '2651076', '2651077', '2651078', '2651079', '2651080', '2651081', '2651082', '2651083', '2651084', '2651085', '2651086', '2651087', '2651088', '2651089', '2651090', '2651091', '2651092', '2651093', '2651094', '2651095', '2651096', '2651097', '2651098', '2651099', '2651100', '2651101', '2651102', '2651103', '2651104', '2651105', '2651106', '2651107', '2651108', '2651109', '2651110', '2651111', '2651112', '2651113', '2651115', '2651116', '2651117', '2651118', '2651119', '2651120', '2651121', '2651122', '2651123', '2651124', '2651125', '2651126', '2651127', '2651128', '2651129', '2651130', '2651131', '2651132', '2651133', '2651134', '2651135', '2651136', '2651137', '2651138', '2651139', '2651140', '2651141', '2651142', '2651143', '2651144', '2651145', '2651146', '2651147', '2651148', '2651149', '2651150', '2651151', '2651152', '2651153', '2651154', '2651155', '2651156', '2651157', '2651158', '2651159', '2651160', '2651161', '2651162', '2651163', '2651164', '2651165', '2651166', '2651167', '2651168', '2651169', '2651170', '2651171', '2651172', '2651173', '2651174', '2651175', '2651176', '2651177', '2651178'] to complete....
COMPLETE: QC calculations for gen-1 partial-charges
waiting for jobs ['2651193', '2651194', '2651195', '2651196'] to complete....
COMPLETE: Fitting partial charges for gen-1 partial-charges
