PROGRAM CALL: python extract_vdw.py -f vdw -FF_DFT intermediate_params.db /scratch/bell/seo89/parameterization110320_cycle20_config100/Params_for_Batch.db -o cycle-8 -E_max 0.0 -xhi2_thresh 1E-8 -q_a 0.0 -q_b 0.0 -mixing_rule wh -L2_sigma 0.1 -L2_eps 1.0 -fun wB97X-D3

************************************************************************************************************************************************
*                                     Parsing QC Interaction Energies, Charges, and Configurations in vdw                                      *
************************************************************************************************************************************************
 
AA-charges were read for the a-molecule(s) from file(s): /scratch/bell/seo89/parameterization110320_cycle20_config100/OKKJLVBELUTLKV-UHFFFAOYSA-N/vdw/intermediate_params.db, /scratch/bell/seo89/parameterization110320_cycle20_config100/Params_for_Batch.db
AA-charges were read for the b-molecule(s) from file(s): /scratch/bell/seo89/parameterization110320_cycle20_config100/OKKJLVBELUTLKV-UHFFFAOYSA-N/vdw/intermediate_params.db, /scratch/bell/seo89/parameterization110320_cycle20_config100/Params_for_Batch.db
UA-charges were read for the a-molecule(s) from file(s): /scratch/bell/seo89/parameterization110320_cycle20_config100/OKKJLVBELUTLKV-UHFFFAOYSA-N/vdw/intermediate_params.db, /scratch/bell/seo89/parameterization110320_cycle20_config100/Params_for_Batch.db
UA-charges were read for the b-molecule(s) from file(s): /scratch/bell/seo89/parameterization110320_cycle20_config100/OKKJLVBELUTLKV-UHFFFAOYSA-N/vdw/intermediate_params.db, /scratch/bell/seo89/parameterization110320_cycle20_config100/Params_for_Batch.db

************************************************************************************************************************************************
*                                  Parsing DFT-Interaction Energy Calculations for Configurations within vdw                                   *
************************************************************************************************************************************************

Number of Configurations Discovered:                                   2046
Number of Configurations Satisfying E_min/E_max criteria:              1716
Number of Configurations Used for Fit:                                 1716
Number of unique molecules in the fit configurations:                  1

Unique AA pairs being fit (occurences,min_sep,min_sigma):

	pair ('[6[8[1]][1][1][1]]', '[6[8[1]][1][1][1]]')                                    : 1716        3.3619     2.9951    
	pair ('[8[6[1][1][1]][1]]', '[6[8[1]][1][1][1]]')                                    : 3432        2.8598     2.5478    
	pair ('[6[8[1]][1][1][1]]', '[1[8[6]]]')                                             : 3432        2.2704     2.0227    
	pair ('[6[8[1]][1][1][1]]', '[1[6[8][1][1]]]')                                       : 10296       2.6215     2.3355    
	pair ('[8[6[1][1][1]][1]]', '[8[6[1][1][1]][1]]')                                    : 1716        2.5345     2.2580    
	pair ('[8[6[1][1][1]][1]]', '[1[8[6]]]')                                             : 3432        1.7011     1.5155    
	pair ('[8[6[1][1][1]][1]]', '[1[6[8][1][1]]]')                                       : 10296       2.2496     2.0042    
	pair ('[1[8[6]]]', '[1[8[6]]]')                                                      : 1716        1.7584     1.5665    
	pair ('[1[8[6]]]', '[1[6[8][1][1]]]')                                                : 10296       1.7550     1.5635    
	pair ('[1[6[8][1][1]]]', '[1[6[8][1][1]]]')                                          : 15444       2.0027     1.7842    

Unique UA pairs being fit (occurences):

	pair ('[6[8[1]][1][1][1]]', '[6[8[1]][1][1][1]]')                                    : 1716      
	pair ('[8[6[1][1][1]][1]]', '[6[8[1]][1][1][1]]')                                    : 3432      
	pair ('[6[8[1]][1][1][1]]', '[1[8[6]]]')                                             : 3432      
	pair ('[8[6[1][1][1]][1]]', '[8[6[1][1][1]][1]]')                                    : 1716      
	pair ('[8[6[1][1][1]][1]]', '[1[8[6]]]')                                             : 3432      
	pair ('[1[8[6]]]', '[1[8[6]]]')                                                      : 1716      

	Generating separation histograms...

************************************************************************************************************************************************
*                            Fit DFT All-Atom VDW Parameters (Self-Consistent Pair-Type Fits to All Configurations)                            *
************************************************************************************************************************************************

Reading VDW parameters or initializing based on UFF values and Waldman-Hagler mixing rules

	pair_interaction                                                                       params                 origin              
	pair ('[6[8[1]][1][1][1]]', '[6[8[1]][1][1][1]]')                                    : 0.2004    , 3.4310     initial_params.db   
	pair ('[8[6[1][1][1]][1]]', '[6[8[1]][1][1][1]]')                                    : 0.0762    , 3.2929     UFF                 
	pair ('[6[8[1]][1][1][1]]', '[1[8[6]]]')                                             : 0.0486    , 3.1408     UFF                 
	pair ('[6[8[1]][1][1][1]]', '[1[6[8][1][1]]]')                                       : 0.0486    , 3.1408     UFF                 
	pair ('[8[6[1][1][1]][1]]', '[8[6[1][1][1]][1]]')                                    : 0.1988    , 2.9049     initial_params.db   
	pair ('[8[6[1][1][1]][1]]', '[1[8[6]]]')                                             : 0.0438    , 2.9074     UFF                 
	pair ('[8[6[1][1][1]][1]]', '[1[6[8][1][1]]]')                                       : 0.0438    , 2.9074     UFF                 
	pair ('[1[8[6]]]', '[1[8[6]]]')                                                      : 0.0010    , 1.7740     initial_params.db   
	pair ('[1[8[6]]]', '[1[6[8][1][1]]]')                                                : 0.0440    , 2.5711     UFF                 
	pair ('[1[6[8][1][1]]]', '[1[6[8][1][1]]]')                                          : 0.0111    , 2.4676     initial_params.db   

Initializing L-BFGS-B fit of pair-wise interactions:

	delta_xhi2_thresh:             1e-08
	mixing rule:                   wh
	Fit rank:                      8
	Fit parameters:                8
	L2 sigma weight:               0.1
	L2 epsilon weight:             1.0
	Fit Tolerance (kcal/mol):      1e-08       

Number of outliers removed: 0

Summary of fitting:

	Fit termination condition:     Converged   
	Initial xhi^2 (kcal/mol):      0.200371    
	Final xhi^2 (kcal/mol):        0.199761    
	Time for completion (s):       3.235059    

Parameter update summary:

	pair ('[6[8[1]][1][1][1]]', '[6[8[1]][1][1][1]]')                                    : 0.2004         , 3.4310          ->     0.1993         , 3.4322         
	pair ('[8[6[1][1][1]][1]]', '[8[6[1][1][1]][1]]')                                    : 0.1988         , 2.9049          ->     0.2022         , 2.9114         
	pair ('[1[8[6]]]', '[1[8[6]]]')                                                      : 0.0010         , 1.7740          ->     0.0010         , 1.7759         
	pair ('[1[6[8][1][1]]]', '[1[6[8][1][1]]]')                                          : 0.0111         , 2.4676          ->     0.0107         , 2.4676         
	pair ('[8[6[1][1][1]][1]]', '[6[8[1]][1][1][1]]')                                    : 0.0762         , 3.2929          ->     0.1785         , 3.2235         
	pair ('[6[8[1]][1][1][1]]', '[1[8[6]]]')                                             : 0.0486         , 3.1408          ->     0.0038         , 3.0675         
	pair ('[6[8[1]][1][1][1]]', '[1[6[8][1][1]]]')                                       : 0.0486         , 3.1408          ->     0.0301         , 3.1244         
	pair ('[8[6[1][1][1]][1]]', '[1[8[6]]]')                                             : 0.0438         , 2.9074          ->     0.0061         , 2.6156         
	pair ('[8[6[1][1][1]][1]]', '[1[6[8][1][1]]]')                                       : 0.0438         , 2.9074          ->     0.0413         , 2.7338         
	pair ('[1[8[6]]]', '[1[6[8][1][1]]]')                                                : 0.0440         , 2.5711          ->     0.0021         , 2.2466         
 
************************************************************************************************************************************************
*                       Fit DFT United-Atom VDW Parameters (Conversion from AA-parameters based on configurational fit)                        *
************************************************************************************************************************************************

Calculating all-atom interaction potentials, averaged over all configurations...
Calculating united-atom interaction potentials based on fits to all-atom potentials:

	pair ('[6[8[1]][1][1][1]]', '[6[8[1]][1][1][1]]')                                    : 0.1993    , 3.4322     ->     0.2668    , 3.6330    
Increasing repulsive sampling...
	pair ('[6[8[1]][1][1][1]]', '[8[6[1][1][1]][1]]')                                    : 0.1785    , 3.2235     ->     0.2323    , 3.3181    
Increasing repulsive sampling...
	pair ('[6[8[1]][1][1][1]]', '[1[8[6]]]')                                             : 0.0038    , 3.0675     ->     0.0060    , 3.0603    
	pair ('[8[6[1][1][1]][1]]', '[8[6[1][1][1]][1]]')                                    : 0.2022    , 2.9114     ->     0.2022    , 2.9114    
	pair ('[8[6[1][1][1]][1]]', '[1[8[6]]]')                                             : 0.0061    , 2.6156     ->     0.0061    , 2.6156    
	pair ('[1[8[6]]]', '[1[8[6]]]')                                                      : 0.0010    , 1.7759     ->     0.0010    , 1.7759    

	xhi2:        0.2514933026095579 (kcal/mol)^2

************************************************************************************************************************************************
*                                                        VDW Parameter Parse Complete!                                                         *
************************************************************************************************************************************************
