PROGRAM CALL: python extract_charges.py CHELPG_calcs -FF /scratch/brown/seo89/linear_molecules/nitrogen_new/Params_for_Batch.db -o charges -w_hyper 0.0 -w_dipole 0.1 --two_step -w_qtot 1.0 -q 0 -gens 2 --keep_min


********************************************************************************************************************************************
*                                                 Parsing Partial Charges in CHELPG_calcs                                                  *
********************************************************************************************************************************************
Number of Configurations Being Parsed: 200

********************************************************************************************************************************************
*                                                             Final AA-Charges                                                             *
*------------------------------------------------------------------------------------------------------------------------------------------*
* Atomtype                                                             CHELPG                                Fit                 Status    *
********************************************************************************************************************************************
  [6[8[1]][1][1][1]]                                            0.102504 +/- 0.062795               0.099454 +/- 0.066028         fit
  [1[6[8][1][1]]]                                               0.032372 +/- 0.034061               0.031932 +/- 0.018514         fit
  [1[8[6]]]                                                     0.401769 +/- 0.010962               0.402573 +/- 0.011385         fit
  [8[6[1][1][1]][1]]                                           -0.601388 +/- 0.021426              -0.597823 +/- 0.021993         fit

  <xhi_pot^2> (A.U.^2):                                         7.94746e-06                         1.41807e-05                        
  <xhi_D^2> (A.U.^2):                                           4.84168e-05                         0.00954914                         
  total charge (A.U.):                                          0.000000                            0.000000                           

********************************************************************************************************************************************
*                                                             Final UA-Charges                                                             *
*------------------------------------------------------------------------------------------------------------------------------------------*
* Atomtype                                                             CHELPG                                Fit                 Status    *
********************************************************************************************************************************************
  [6[8[1]][1][1][1]]-UA                                         0.219166 +/- 0.012259               0.208831 +/- 0.012224         fit
  [8[6[1][1][1]][1]]-UA                                        -0.581933 +/- 0.019763              -0.545245 +/- 0.019914         fit
  [1[8[6]]]-UA                                                  0.362767 +/- 0.011909               0.336414 +/- 0.012787         fit

  <xhi_pot^2> (A.U.^2):                                         1.22252e-05                         1.33027e-05                        
  <xhi_D^2> (A.U.^2):                                           0.00214865                          2.62475e-07                        
  total charge (A.U.):                                         -0.000000                           -0.000000                           

********************************************************************************************************************************************
*                                                          Charge Parse Complete!                                                          *
********************************************************************************************************************************************

