PROGRAM CALL: python extract_vdw.py -f vdw -FF_DFT intermediate_params.db /scratch/bell/seo89/parameterization110320_cycle20_config100/Params_for_Batch.db -o cycle-17 -E_max 0.0 -xhi2_thresh 1E-8 -q_a 0.0 -q_b 0.0 -mixing_rule wh -L2_sigma 0.1 -L2_eps 1.0 -fun wB97X-D3

************************************************************************************************************************************************
*                                     Parsing QC Interaction Energies, Charges, and Configurations in vdw                                      *
************************************************************************************************************************************************
 
AA-charges were read for the a-molecule(s) from file(s): /scratch/bell/seo89/parameterization110320_cycle20_config100/OKKJLVBELUTLKV-UHFFFAOYSA-N/vdw/intermediate_params.db, /scratch/bell/seo89/parameterization110320_cycle20_config100/Params_for_Batch.db
AA-charges were read for the b-molecule(s) from file(s): /scratch/bell/seo89/parameterization110320_cycle20_config100/OKKJLVBELUTLKV-UHFFFAOYSA-N/vdw/intermediate_params.db, /scratch/bell/seo89/parameterization110320_cycle20_config100/Params_for_Batch.db
UA-charges were read for the a-molecule(s) from file(s): /scratch/bell/seo89/parameterization110320_cycle20_config100/OKKJLVBELUTLKV-UHFFFAOYSA-N/vdw/intermediate_params.db, /scratch/bell/seo89/parameterization110320_cycle20_config100/Params_for_Batch.db
UA-charges were read for the b-molecule(s) from file(s): /scratch/bell/seo89/parameterization110320_cycle20_config100/OKKJLVBELUTLKV-UHFFFAOYSA-N/vdw/intermediate_params.db, /scratch/bell/seo89/parameterization110320_cycle20_config100/Params_for_Batch.db

************************************************************************************************************************************************
*                                  Parsing DFT-Interaction Energy Calculations for Configurations within vdw                                   *
************************************************************************************************************************************************

Number of Configurations Discovered:                                   4009
Number of Configurations Satisfying E_min/E_max criteria:              3512
Number of Configurations Used for Fit:                                 3512
Number of unique molecules in the fit configurations:                  1

Unique AA pairs being fit (occurences,min_sep,min_sigma):

	pair ('[6[8[1]][1][1][1]]', '[6[8[1]][1][1][1]]')                                    : 3512        3.2704     2.9136    
	pair ('[8[6[1][1][1]][1]]', '[6[8[1]][1][1][1]]')                                    : 7024        2.8598     2.5478    
	pair ('[6[8[1]][1][1][1]]', '[1[8[6]]]')                                             : 7024        2.1831     1.9449    
	pair ('[6[8[1]][1][1][1]]', '[1[6[8][1][1]]]')                                       : 21072       2.5703     2.2898    
	pair ('[8[6[1][1][1]][1]]', '[8[6[1][1][1]][1]]')                                    : 3512        2.5345     2.2580    
	pair ('[8[6[1][1][1]][1]]', '[1[8[6]]]')                                             : 7024        1.6967     1.5116    
	pair ('[8[6[1][1][1]][1]]', '[1[6[8][1][1]]]')                                       : 21072       2.2340     1.9903    
	pair ('[1[8[6]]]', '[1[8[6]]]')                                                      : 3512        1.7584     1.5665    
	pair ('[1[8[6]]]', '[1[6[8][1][1]]]')                                                : 21072       1.7550     1.5635    
	pair ('[1[6[8][1][1]]]', '[1[6[8][1][1]]]')                                          : 31608       1.9151     1.7061    

Unique UA pairs being fit (occurences):

	pair ('[6[8[1]][1][1][1]]', '[6[8[1]][1][1][1]]')                                    : 3512      
	pair ('[8[6[1][1][1]][1]]', '[6[8[1]][1][1][1]]')                                    : 7024      
	pair ('[6[8[1]][1][1][1]]', '[1[8[6]]]')                                             : 7024      
	pair ('[8[6[1][1][1]][1]]', '[8[6[1][1][1]][1]]')                                    : 3512      
	pair ('[8[6[1][1][1]][1]]', '[1[8[6]]]')                                             : 7024      
	pair ('[1[8[6]]]', '[1[8[6]]]')                                                      : 3512      

	Generating separation histograms...

************************************************************************************************************************************************
*                            Fit DFT All-Atom VDW Parameters (Self-Consistent Pair-Type Fits to All Configurations)                            *
************************************************************************************************************************************************

Reading VDW parameters or initializing based on UFF values and Waldman-Hagler mixing rules

	pair_interaction                                                                       params                 origin              
	pair ('[6[8[1]][1][1][1]]', '[6[8[1]][1][1][1]]')                                    : 0.2041    , 3.4395     initial_params.db   
	pair ('[8[6[1][1][1]][1]]', '[6[8[1]][1][1][1]]')                                    : 0.0762    , 3.2929     UFF                 
	pair ('[6[8[1]][1][1][1]]', '[1[8[6]]]')                                             : 0.0486    , 3.1408     UFF                 
	pair ('[6[8[1]][1][1][1]]', '[1[6[8][1][1]]]')                                       : 0.0486    , 3.1408     UFF                 
	pair ('[8[6[1][1][1]][1]]', '[8[6[1][1][1]][1]]')                                    : 0.2018    , 2.9012     initial_params.db   
	pair ('[8[6[1][1][1]][1]]', '[1[8[6]]]')                                             : 0.0438    , 2.9074     UFF                 
	pair ('[8[6[1][1][1]][1]]', '[1[6[8][1][1]]]')                                       : 0.0438    , 2.9074     UFF                 
	pair ('[1[8[6]]]', '[1[8[6]]]')                                                      : 0.0010    , 1.7833     initial_params.db   
	pair ('[1[8[6]]]', '[1[6[8][1][1]]]')                                                : 0.0440    , 2.5711     UFF                 
	pair ('[1[6[8][1][1]]]', '[1[6[8][1][1]]]')                                          : 0.0082    , 2.4699     initial_params.db   

Initializing L-BFGS-B fit of pair-wise interactions:

	delta_xhi2_thresh:             1e-08
	mixing rule:                   wh
	Fit rank:                      8
	Fit parameters:                8
	L2 sigma weight:               0.1
	L2 epsilon weight:             1.0
	Fit Tolerance (kcal/mol):      1e-08       

Number of outliers removed: 0

Summary of fitting:

	Fit termination condition:     Converged   
	Initial xhi^2 (kcal/mol):      0.229805    
	Final xhi^2 (kcal/mol):        0.229700    
	Time for completion (s):       2.700017    

Parameter update summary:

	pair ('[6[8[1]][1][1][1]]', '[6[8[1]][1][1][1]]')                                    : 0.2041         , 3.4395          ->     0.2043         , 3.4396         
	pair ('[8[6[1][1][1]][1]]', '[8[6[1][1][1]][1]]')                                    : 0.2018         , 2.9012          ->     0.2027         , 2.9023         
	pair ('[1[8[6]]]', '[1[8[6]]]')                                                      : 0.0010         , 1.7833          ->     0.0010         , 1.7833         
	pair ('[1[6[8][1][1]]]', '[1[6[8][1][1]]]')                                          : 0.0082         , 2.4699          ->     0.0078         , 2.4697         
	pair ('[8[6[1][1][1]][1]]', '[6[8[1]][1][1][1]]')                                    : 0.0762         , 3.2929          ->     0.1796         , 3.2259         
	pair ('[6[8[1]][1][1][1]]', '[1[8[6]]]')                                             : 0.0486         , 3.1408          ->     0.0039         , 3.0742         
	pair ('[6[8[1]][1][1][1]]', '[1[6[8][1][1]]]')                                       : 0.0486         , 3.1408          ->     0.0261         , 3.1307         
	pair ('[8[6[1][1][1]][1]]', '[1[8[6]]]')                                             : 0.0438         , 2.9074          ->     0.0063         , 2.6084         
	pair ('[8[6[1][1][1]][1]]', '[1[6[8][1][1]]]')                                       : 0.0438         , 2.9074          ->     0.0356         , 2.7282         
	pair ('[1[8[6]]]', '[1[6[8][1][1]]]')                                                : 0.0440         , 2.5711          ->     0.0018         , 2.2494         
 
************************************************************************************************************************************************
*                       Fit DFT United-Atom VDW Parameters (Conversion from AA-parameters based on configurational fit)                        *
************************************************************************************************************************************************

Calculating all-atom interaction potentials, averaged over all configurations...
Calculating united-atom interaction potentials based on fits to all-atom potentials:

	pair ('[6[8[1]][1][1][1]]', '[6[8[1]][1][1][1]]')                                    : 0.2043    , 3.4396     ->     0.2582    , 3.6209    
Increasing repulsive sampling...
	pair ('[6[8[1]][1][1][1]]', '[8[6[1][1][1]][1]]')                                    : 0.1796    , 3.2259     ->     0.2249    , 3.3015    
Increasing repulsive sampling...
	pair ('[6[8[1]][1][1][1]]', '[1[8[6]]]')                                             : 0.0039    , 3.0742     ->     0.0057    , 3.0622    
	pair ('[8[6[1][1][1]][1]]', '[8[6[1][1][1]][1]]')                                    : 0.2027    , 2.9023     ->     0.2027    , 2.9023    
	pair ('[8[6[1][1][1]][1]]', '[1[8[6]]]')                                             : 0.0063    , 2.6084     ->     0.0063    , 2.6084    
	pair ('[1[8[6]]]', '[1[8[6]]]')                                                      : 0.0010    , 1.7833     ->     0.0010    , 1.7833    

	xhi2:        0.2718445363914342 (kcal/mol)^2

************************************************************************************************************************************************
*                                                        VDW Parameter Parse Complete!                                                         *
************************************************************************************************************************************************
