Working directory is /scratch/bell/seo89/parameterization110320_cycle20_config100/OKKJLVBELUTLKV-UHFFFAOYSA-N
Running on host bell-fe01.rcac.purdue.edu
Time is Wed Nov 4 23:02:42 EST 2020
PROGRAM CALL: python extract_vdw.py -f vdw -FF_DFT intermediate_params.db /scratch/bell/seo89/parameterization110320_cycle20_config100/Params_for_Batch.db -o cycle-20 -E_max 0.0 -xhi2_thresh 1E-8 -q_a 0.0 -q_b 0.0 -mixing_rule wh -L2_sigma 0.1 -L2_eps 1.0 -fun wB97X-D3

************************************************************************************************************************************************
*                                     Parsing QC Interaction Energies, Charges, and Configurations in vdw                                      *
************************************************************************************************************************************************
 
AA-charges were read for the a-molecule(s) from file(s): /scratch/bell/seo89/parameterization110320_cycle20_config100/OKKJLVBELUTLKV-UHFFFAOYSA-N/vdw/intermediate_params.db, /scratch/bell/seo89/parameterization110320_cycle20_config100/Params_for_Batch.db
AA-charges were read for the b-molecule(s) from file(s): /scratch/bell/seo89/parameterization110320_cycle20_config100/OKKJLVBELUTLKV-UHFFFAOYSA-N/vdw/intermediate_params.db, /scratch/bell/seo89/parameterization110320_cycle20_config100/Params_for_Batch.db
UA-charges were read for the a-molecule(s) from file(s): /scratch/bell/seo89/parameterization110320_cycle20_config100/OKKJLVBELUTLKV-UHFFFAOYSA-N/vdw/intermediate_params.db, /scratch/bell/seo89/parameterization110320_cycle20_config100/Params_for_Batch.db
UA-charges were read for the b-molecule(s) from file(s): /scratch/bell/seo89/parameterization110320_cycle20_config100/OKKJLVBELUTLKV-UHFFFAOYSA-N/vdw/intermediate_params.db, /scratch/bell/seo89/parameterization110320_cycle20_config100/Params_for_Batch.db

************************************************************************************************************************************************
*                                  Parsing DFT-Interaction Energy Calculations for Configurations within vdw                                   *
************************************************************************************************************************************************

Number of Configurations Discovered:                                   4656
Number of Configurations Satisfying E_min/E_max criteria:              4102
Number of Configurations Used for Fit:                                 4102
Number of unique molecules in the fit configurations:                  1

Unique AA pairs being fit (occurences,min_sep,min_sigma):

	pair ('[6[8[1]][1][1][1]]', '[6[8[1]][1][1][1]]')                                    : 4102        3.2704     2.9136    
	pair ('[8[6[1][1][1]][1]]', '[6[8[1]][1][1][1]]')                                    : 8204        2.8217     2.5138    
	pair ('[6[8[1]][1][1][1]]', '[1[8[6]]]')                                             : 8204        2.1831     1.9449    
	pair ('[6[8[1]][1][1][1]]', '[1[6[8][1][1]]]')                                       : 24612       2.5703     2.2898    
	pair ('[8[6[1][1][1]][1]]', '[8[6[1][1][1]][1]]')                                    : 4102        2.5345     2.2580    
	pair ('[8[6[1][1][1]][1]]', '[1[8[6]]]')                                             : 8204        1.6967     1.5116    
	pair ('[8[6[1][1][1]][1]]', '[1[6[8][1][1]]]')                                       : 24612       2.2061     1.9654    
	pair ('[1[8[6]]]', '[1[8[6]]]')                                                      : 4102        1.7584     1.5665    
	pair ('[1[8[6]]]', '[1[6[8][1][1]]]')                                                : 24612       1.7550     1.5635    
	pair ('[1[6[8][1][1]]]', '[1[6[8][1][1]]]')                                          : 36918       1.9151     1.7061    

Unique UA pairs being fit (occurences):

	pair ('[6[8[1]][1][1][1]]', '[6[8[1]][1][1][1]]')                                    : 4102      
	pair ('[8[6[1][1][1]][1]]', '[6[8[1]][1][1][1]]')                                    : 8204      
	pair ('[6[8[1]][1][1][1]]', '[1[8[6]]]')                                             : 8204      
	pair ('[8[6[1][1][1]][1]]', '[8[6[1][1][1]][1]]')                                    : 4102      
	pair ('[8[6[1][1][1]][1]]', '[1[8[6]]]')                                             : 8204      
	pair ('[1[8[6]]]', '[1[8[6]]]')                                                      : 4102      

	Generating separation histograms...

************************************************************************************************************************************************
*                            Fit DFT All-Atom VDW Parameters (Self-Consistent Pair-Type Fits to All Configurations)                            *
************************************************************************************************************************************************

Reading VDW parameters or initializing based on UFF values and Waldman-Hagler mixing rules

	pair_interaction                                                                       params                 origin              
	pair ('[6[8[1]][1][1][1]]', '[6[8[1]][1][1][1]]')                                    : 0.2132    , 3.4457     initial_params.db   
	pair ('[8[6[1][1][1]][1]]', '[6[8[1]][1][1][1]]')                                    : 0.0762    , 3.2929     UFF                 
	pair ('[6[8[1]][1][1][1]]', '[1[8[6]]]')                                             : 0.0486    , 3.1408     UFF                 
	pair ('[6[8[1]][1][1][1]]', '[1[6[8][1][1]]]')                                       : 0.0486    , 3.1408     UFF                 
	pair ('[8[6[1][1][1]][1]]', '[8[6[1][1][1]][1]]')                                    : 0.2007    , 2.9012     initial_params.db   
	pair ('[8[6[1][1][1]][1]]', '[1[8[6]]]')                                             : 0.0438    , 2.9074     UFF                 
	pair ('[8[6[1][1][1]][1]]', '[1[6[8][1][1]]]')                                       : 0.0438    , 2.9074     UFF                 
	pair ('[1[8[6]]]', '[1[8[6]]]')                                                      : 0.0010    , 1.7790     initial_params.db   
	pair ('[1[8[6]]]', '[1[6[8][1][1]]]')                                                : 0.0440    , 2.5711     UFF                 
	pair ('[1[6[8][1][1]]]', '[1[6[8][1][1]]]')                                          : 0.0066    , 2.4703     initial_params.db   

Initializing L-BFGS-B fit of pair-wise interactions:

	delta_xhi2_thresh:             1e-08
	mixing rule:                   wh
	Fit rank:                      8
	Fit parameters:                8
	L2 sigma weight:               0.1
	L2 epsilon weight:             1.0
	Fit Tolerance (kcal/mol):      1e-08       

Number of outliers removed: 0

Summary of fitting:

	Fit termination condition:     Converged   
	Initial xhi^2 (kcal/mol):      0.231308    
	Final xhi^2 (kcal/mol):        0.231301    
	Time for completion (s):       2.705173    

Parameter update summary:

	pair ('[6[8[1]][1][1][1]]', '[6[8[1]][1][1][1]]')                                    : 0.2132         , 3.4457          ->     0.2132         , 3.4457         
	pair ('[8[6[1][1][1]][1]]', '[8[6[1][1][1]][1]]')                                    : 0.2007         , 2.9012          ->     0.2008         , 2.9013         
	pair ('[1[8[6]]]', '[1[8[6]]]')                                                      : 0.0010         , 1.7790          ->     0.0010         , 1.7791         
	pair ('[1[6[8][1][1]]]', '[1[6[8][1][1]]]')                                          : 0.0066         , 2.4703          ->     0.0065         , 2.4703         
	pair ('[8[6[1][1][1]][1]]', '[6[8[1]][1][1][1]]')                                    : 0.0762         , 3.2929          ->     0.1821         , 3.2298         
	pair ('[6[8[1]][1][1][1]]', '[1[8[6]]]')                                             : 0.0486         , 3.1408          ->     0.0039         , 3.0794         
	pair ('[6[8[1]][1][1][1]]', '[1[6[8][1][1]]]')                                       : 0.0486         , 3.1408          ->     0.0242         , 3.1356         
	pair ('[8[6[1][1][1]][1]]', '[1[8[6]]]')                                             : 0.0438         , 2.9074          ->     0.0062         , 2.6072         
	pair ('[8[6[1][1][1]][1]]', '[1[6[8][1][1]]]')                                       : 0.0438         , 2.9074          ->     0.0323         , 2.7277         
	pair ('[1[8[6]]]', '[1[6[8][1][1]]]')                                                : 0.0440         , 2.5711          ->     0.0017         , 2.2492         
 
************************************************************************************************************************************************
*                       Fit DFT United-Atom VDW Parameters (Conversion from AA-parameters based on configurational fit)                        *
************************************************************************************************************************************************

Calculating all-atom interaction potentials, averaged over all configurations...
Calculating united-atom interaction potentials based on fits to all-atom potentials:

	pair ('[6[8[1]][1][1][1]]', '[6[8[1]][1][1][1]]')                                    : 0.2132    , 3.4457     ->     0.2615    , 3.6234    
Increasing repulsive sampling...
	pair ('[6[8[1]][1][1][1]]', '[8[6[1][1][1]][1]]')                                    : 0.1821    , 3.2298     ->     0.2231    , 3.2980    
Increasing repulsive sampling...
	pair ('[6[8[1]][1][1][1]]', '[1[8[6]]]')                                             : 0.0039    , 3.0794     ->     0.0055    , 3.0643    
	pair ('[8[6[1][1][1]][1]]', '[8[6[1][1][1]][1]]')                                    : 0.2008    , 2.9013     ->     0.2008    , 2.9013    
	pair ('[8[6[1][1][1]][1]]', '[1[8[6]]]')                                             : 0.0062    , 2.6072     ->     0.0062    , 2.6072    
	pair ('[1[8[6]]]', '[1[8[6]]]')                                                      : 0.0010    , 1.7791     ->     0.0010    , 1.7791    

	xhi2:        0.2723073346215155 (kcal/mol)^2

************************************************************************************************************************************************
*                                                        VDW Parameter Parse Complete!                                                         *
************************************************************************************************************************************************
